
AVRASM ver. 2.1.30  D:\JavierJr\Documents\ISD\FebJun20\LabMicrocontroladores\CodeVision\P05_Matrix\Debug\List\matrix.asm Tue Apr 28 16:14:25 2020

                 
                 
                 ;CodeVisionAVR C Compiler V3.12 Advanced
                 ;(C) Copyright 1998-2014 Pavel Haiduc, HP InfoTech s.r.l.
                 ;http://www.hpinfotech.com
                 
                 ;Build configuration    : Debug
                 ;Chip type              : AT90USB1286
                 ;Program type           : Application
                 ;Clock frequency        : 2.000000 MHz
                 ;Memory model           : Small
                 ;Optimize for           : Size
                 ;(s)printf features     : int, width
                 ;(s)scanf features      : int, width
                 ;External RAM size      : 0
                 ;Data Stack size        : 1024 byte(s)
                 ;Heap size              : 0 byte(s)
                 ;Promote 'char' to 'int': Yes
                 ;'char' is unsigned     : Yes
                 ;8 bit enums            : Yes
                 ;Global 'const' stored in FLASH: No
                 ;Enhanced function parameter passing: Yes
                 ;Enhanced core instructions: On
                 ;Automatic register allocation for global variables: Off
                 ;Smart register allocation: Off
                 
                 	#define _MODEL_SMALL_
                 
                 	#pragma AVRPART ADMIN PART_NAME AT90USB1286
                 	#pragma AVRPART MEMORY PROG_FLASH 131072
                 	#pragma AVRPART MEMORY EEPROM 4096
                 	#pragma AVRPART MEMORY INT_SRAM SIZE 8192
                 	#pragma AVRPART MEMORY INT_SRAM START_ADDR 0x100
                 
                 	#define CALL_SUPPORTED 1
                 
                 	.LISTMAC
                 	.EQU EERE=0x0
                 	.EQU EEWE=0x1
                 	.EQU EEMWE=0x2
                 	.EQU UDRE=0x5
                 	.EQU RXC=0x7
                 	.EQU EECR=0x1F
                 	.EQU EEDR=0x20
                 	.EQU EEARL=0x21
                 	.EQU EEARH=0x22
                 	.EQU SPSR=0x2D
                 	.EQU SPDR=0x2E
                 	.EQU SMCR=0x33
                 	.EQU MCUSR=0x34
                 	.EQU MCUCR=0x35
                 	.EQU RAMPZ=0x3B
                 	.EQU WDTCSR=0x60
                 	.EQU UCSR1A=0xC8
                 	.EQU UDR1=0xCE
                 	.EQU SPL=0x3D
                 	.EQU SPH=0x3E
                 	.EQU SREG=0x3F
                 	.EQU GPIOR0=0x1E
                 
                 	.DEF R0X0=R0
                 	.DEF R0X1=R1
                 	.DEF R0X2=R2
                 	.DEF R0X3=R3
                 	.DEF R0X4=R4
                 	.DEF R0X5=R5
                 	.DEF R0X6=R6
                 	.DEF R0X7=R7
                 	.DEF R0X8=R8
                 	.DEF R0X9=R9
                 	.DEF R0XA=R10
                 	.DEF R0XB=R11
                 	.DEF R0XC=R12
                 	.DEF R0XD=R13
                 	.DEF R0XE=R14
                 	.DEF R0XF=R15
                 	.DEF R0X10=R16
                 	.DEF R0X11=R17
                 	.DEF R0X12=R18
                 	.DEF R0X13=R19
                 	.DEF R0X14=R20
                 	.DEF R0X15=R21
                 	.DEF R0X16=R22
                 	.DEF R0X17=R23
                 	.DEF R0X18=R24
                 	.DEF R0X19=R25
                 	.DEF R0X1A=R26
                 	.DEF R0X1B=R27
                 	.DEF R0X1C=R28
                 	.DEF R0X1D=R29
                 	.DEF R0X1E=R30
                 	.DEF R0X1F=R31
                 
                 	.EQU __SRAM_START=0x0100
                 	.EQU __SRAM_END=0x20FF
                 	.EQU __DSTACK_SIZE=0x0400
                 	.EQU __HEAP_SIZE=0x0000
                 	.EQU __CLEAR_SRAM_SIZE=__SRAM_END-__SRAM_START+1
                 
                 	.MACRO __CPD1N
                 	CPI  R30,LOW(@0)
                 	LDI  R26,HIGH(@0)
                 	CPC  R31,R26
                 	LDI  R26,BYTE3(@0)
                 	CPC  R22,R26
                 	LDI  R26,BYTE4(@0)
                 	CPC  R23,R26
                 	.ENDM
                 
                 	.MACRO __CPD2N
                 	CPI  R26,LOW(@0)
                 	LDI  R30,HIGH(@0)
                 	CPC  R27,R30
                 	LDI  R30,BYTE3(@0)
                 	CPC  R24,R30
                 	LDI  R30,BYTE4(@0)
                 	CPC  R25,R30
                 	.ENDM
                 
                 	.MACRO __CPWRR
                 	CP   R@0,R@2
                 	CPC  R@1,R@3
                 	.ENDM
                 
                 	.MACRO __CPWRN
                 	CPI  R@0,LOW(@2)
                 	LDI  R30,HIGH(@2)
                 	CPC  R@1,R30
                 	.ENDM
                 
                 	.MACRO __ADDB1MN
                 	SUBI R30,LOW(-@0-(@1))
                 	.ENDM
                 
                 	.MACRO __ADDB2MN
                 	SUBI R26,LOW(-@0-(@1))
                 	.ENDM
                 
                 	.MACRO __ADDW1MN
                 	SUBI R30,LOW(-@0-(@1))
                 	SBCI R31,HIGH(-@0-(@1))
                 	.ENDM
                 
                 	.MACRO __ADDW2MN
                 	SUBI R26,LOW(-@0-(@1))
                 	SBCI R27,HIGH(-@0-(@1))
                 	.ENDM
                 
                 	.MACRO __ADDW1FN
                 	SUBI R30,LOW(-2*@0-(@1))
                 	SBCI R31,HIGH(-2*@0-(@1))
                 	.ENDM
                 
                 	.MACRO __ADDD1FN
                 	SUBI R30,LOW(-2*@0-(@1))
                 	SBCI R31,HIGH(-2*@0-(@1))
                 	SBCI R22,BYTE3(-2*@0-(@1))
                 	.ENDM
                 
                 	.MACRO __ADDD1N
                 	SUBI R30,LOW(-@0)
                 	SBCI R31,HIGH(-@0)
                 	SBCI R22,BYTE3(-@0)
                 	SBCI R23,BYTE4(-@0)
                 	.ENDM
                 
                 	.MACRO __ADDD2N
                 	SUBI R26,LOW(-@0)
                 	SBCI R27,HIGH(-@0)
                 	SBCI R24,BYTE3(-@0)
                 	SBCI R25,BYTE4(-@0)
                 	.ENDM
                 
                 	.MACRO __SUBD1N
                 	SUBI R30,LOW(@0)
                 	SBCI R31,HIGH(@0)
                 	SBCI R22,BYTE3(@0)
                 	SBCI R23,BYTE4(@0)
                 	.ENDM
                 
                 	.MACRO __SUBD2N
                 	SUBI R26,LOW(@0)
                 	SBCI R27,HIGH(@0)
                 	SBCI R24,BYTE3(@0)
                 	SBCI R25,BYTE4(@0)
                 	.ENDM
                 
                 	.MACRO __ANDBMNN
                 	LDS  R30,@0+(@1)
                 	ANDI R30,LOW(@2)
                 	STS  @0+(@1),R30
                 	.ENDM
                 
                 	.MACRO __ANDWMNN
                 	LDS  R30,@0+(@1)
                 	ANDI R30,LOW(@2)
                 	STS  @0+(@1),R30
                 	LDS  R30,@0+(@1)+1
                 	ANDI R30,HIGH(@2)
                 	STS  @0+(@1)+1,R30
                 	.ENDM
                 
                 	.MACRO __ANDD1N
                 	ANDI R30,LOW(@0)
                 	ANDI R31,HIGH(@0)
                 	ANDI R22,BYTE3(@0)
                 	ANDI R23,BYTE4(@0)
                 	.ENDM
                 
                 	.MACRO __ANDD2N
                 	ANDI R26,LOW(@0)
                 	ANDI R27,HIGH(@0)
                 	ANDI R24,BYTE3(@0)
                 	ANDI R25,BYTE4(@0)
                 	.ENDM
                 
                 	.MACRO __ORBMNN
                 	LDS  R30,@0+(@1)
                 	ORI  R30,LOW(@2)
                 	STS  @0+(@1),R30
                 	.ENDM
                 
                 	.MACRO __ORWMNN
                 	LDS  R30,@0+(@1)
                 	ORI  R30,LOW(@2)
                 	STS  @0+(@1),R30
                 	LDS  R30,@0+(@1)+1
                 	ORI  R30,HIGH(@2)
                 	STS  @0+(@1)+1,R30
                 	.ENDM
                 
                 	.MACRO __ORD1N
                 	ORI  R30,LOW(@0)
                 	ORI  R31,HIGH(@0)
                 	ORI  R22,BYTE3(@0)
                 	ORI  R23,BYTE4(@0)
                 	.ENDM
                 
                 	.MACRO __ORD2N
                 	ORI  R26,LOW(@0)
                 	ORI  R27,HIGH(@0)
                 	ORI  R24,BYTE3(@0)
                 	ORI  R25,BYTE4(@0)
                 	.ENDM
                 
                 	.MACRO __DELAY_USB
                 	LDI  R24,LOW(@0)
                 __DELAY_USB_LOOP:
                 	DEC  R24
                 	BRNE __DELAY_USB_LOOP
                 	.ENDM
                 
                 	.MACRO __DELAY_USW
                 	LDI  R24,LOW(@0)
                 	LDI  R25,HIGH(@0)
                 __DELAY_USW_LOOP:
                 	SBIW R24,1
                 	BRNE __DELAY_USW_LOOP
                 	.ENDM
                 
                 	.MACRO __GETD1S
                 	LDD  R30,Y+@0
                 	LDD  R31,Y+@0+1
                 	LDD  R22,Y+@0+2
                 	LDD  R23,Y+@0+3
                 	.ENDM
                 
                 	.MACRO __GETD2S
                 	LDD  R26,Y+@0
                 	LDD  R27,Y+@0+1
                 	LDD  R24,Y+@0+2
                 	LDD  R25,Y+@0+3
                 	.ENDM
                 
                 	.MACRO __PUTD1S
                 	STD  Y+@0,R30
                 	STD  Y+@0+1,R31
                 	STD  Y+@0+2,R22
                 	STD  Y+@0+3,R23
                 	.ENDM
                 
                 	.MACRO __PUTD2S
                 	STD  Y+@0,R26
                 	STD  Y+@0+1,R27
                 	STD  Y+@0+2,R24
                 	STD  Y+@0+3,R25
                 	.ENDM
                 
                 	.MACRO __PUTDZ2
                 	STD  Z+@0,R26
                 	STD  Z+@0+1,R27
                 	STD  Z+@0+2,R24
                 	STD  Z+@0+3,R25
                 	.ENDM
                 
                 	.MACRO __CLRD1S
                 	STD  Y+@0,R30
                 	STD  Y+@0+1,R30
                 	STD  Y+@0+2,R30
                 	STD  Y+@0+3,R30
                 	.ENDM
                 
                 	.MACRO __POINTB1MN
                 	LDI  R30,LOW(@0+(@1))
                 	.ENDM
                 
                 	.MACRO __POINTW1MN
                 	LDI  R30,LOW(@0+(@1))
                 	LDI  R31,HIGH(@0+(@1))
                 	.ENDM
                 
                 	.MACRO __POINTD1M
                 	LDI  R30,LOW(@0)
                 	LDI  R31,HIGH(@0)
                 	LDI  R22,BYTE3(@0)
                 	LDI  R23,BYTE4(@0)
                 	.ENDM
                 
                 	.MACRO __POINTW1FN
                 	LDI  R30,LOW(2*@0+(@1))
                 	LDI  R31,HIGH(2*@0+(@1))
                 	.ENDM
                 
                 	.MACRO __POINTD1FN
                 	LDI  R30,LOW(2*@0+(@1))
                 	LDI  R31,HIGH(2*@0+(@1))
                 	LDI  R22,BYTE3(2*@0+(@1))
                 	LDI  R23,BYTE4(2*@0+(@1))
                 	.ENDM
                 
                 	.MACRO __POINTB2MN
                 	LDI  R26,LOW(@0+(@1))
                 	.ENDM
                 
                 	.MACRO __POINTW2MN
                 	LDI  R26,LOW(@0+(@1))
                 	LDI  R27,HIGH(@0+(@1))
                 	.ENDM
                 
                 	.MACRO __POINTW2FN
                 	LDI  R26,LOW(2*@0+(@1))
                 	LDI  R27,HIGH(2*@0+(@1))
                 	.ENDM
                 
                 	.MACRO __POINTD2FN
                 	LDI  R26,LOW(2*@0+(@1))
                 	LDI  R27,HIGH(2*@0+(@1))
                 	LDI  R24,BYTE3(2*@0+(@1))
                 	LDI  R25,BYTE4(2*@0+(@1))
                 	.ENDM
                 
                 	.MACRO __POINTBRM
                 	LDI  R@0,LOW(@1)
                 	.ENDM
                 
                 	.MACRO __POINTWRM
                 	LDI  R@0,LOW(@2)
                 	LDI  R@1,HIGH(@2)
                 	.ENDM
                 
                 	.MACRO __POINTBRMN
                 	LDI  R@0,LOW(@1+(@2))
                 	.ENDM
                 
                 	.MACRO __POINTWRMN
                 	LDI  R@0,LOW(@2+(@3))
                 	LDI  R@1,HIGH(@2+(@3))
                 	.ENDM
                 
                 	.MACRO __POINTWRFN
                 	LDI  R@0,LOW(@2*2+(@3))
                 	LDI  R@1,HIGH(@2*2+(@3))
                 	.ENDM
                 
                 	.MACRO __GETD1N
                 	LDI  R30,LOW(@0)
                 	LDI  R31,HIGH(@0)
                 	LDI  R22,BYTE3(@0)
                 	LDI  R23,BYTE4(@0)
                 	.ENDM
                 
                 	.MACRO __GETD2N
                 	LDI  R26,LOW(@0)
                 	LDI  R27,HIGH(@0)
                 	LDI  R24,BYTE3(@0)
                 	LDI  R25,BYTE4(@0)
                 	.ENDM
                 
                 	.MACRO __GETB1MN
                 	LDS  R30,@0+(@1)
                 	.ENDM
                 
                 	.MACRO __GETB1HMN
                 	LDS  R31,@0+(@1)
                 	.ENDM
                 
                 	.MACRO __GETW1MN
                 	LDS  R30,@0+(@1)
                 	LDS  R31,@0+(@1)+1
                 	.ENDM
                 
                 	.MACRO __GETD1MN
                 	LDS  R30,@0+(@1)
                 	LDS  R31,@0+(@1)+1
                 	LDS  R22,@0+(@1)+2
                 	LDS  R23,@0+(@1)+3
                 	.ENDM
                 
                 	.MACRO __GETBRMN
                 	LDS  R@0,@1+(@2)
                 	.ENDM
                 
                 	.MACRO __GETWRMN
                 	LDS  R@0,@2+(@3)
                 	LDS  R@1,@2+(@3)+1
                 	.ENDM
                 
                 	.MACRO __GETWRZ
                 	LDD  R@0,Z+@2
                 	LDD  R@1,Z+@2+1
                 	.ENDM
                 
                 	.MACRO __GETD2Z
                 	LDD  R26,Z+@0
                 	LDD  R27,Z+@0+1
                 	LDD  R24,Z+@0+2
                 	LDD  R25,Z+@0+3
                 	.ENDM
                 
                 	.MACRO __GETB2MN
                 	LDS  R26,@0+(@1)
                 	.ENDM
                 
                 	.MACRO __GETW2MN
                 	LDS  R26,@0+(@1)
                 	LDS  R27,@0+(@1)+1
                 	.ENDM
                 
                 	.MACRO __GETD2MN
                 	LDS  R26,@0+(@1)
                 	LDS  R27,@0+(@1)+1
                 	LDS  R24,@0+(@1)+2
                 	LDS  R25,@0+(@1)+3
                 	.ENDM
                 
                 	.MACRO __PUTB1MN
                 	STS  @0+(@1),R30
                 	.ENDM
                 
                 	.MACRO __PUTW1MN
                 	STS  @0+(@1),R30
                 	STS  @0+(@1)+1,R31
                 	.ENDM
                 
                 	.MACRO __PUTD1MN
                 	STS  @0+(@1),R30
                 	STS  @0+(@1)+1,R31
                 	STS  @0+(@1)+2,R22
                 	STS  @0+(@1)+3,R23
                 	.ENDM
                 
                 	.MACRO __PUTB1EN
                 	LDI  R26,LOW(@0+(@1))
                 	LDI  R27,HIGH(@0+(@1))
                 	CALL __EEPROMWRB
                 	.ENDM
                 
                 	.MACRO __PUTW1EN
                 	LDI  R26,LOW(@0+(@1))
                 	LDI  R27,HIGH(@0+(@1))
                 	CALL __EEPROMWRW
                 	.ENDM
                 
                 	.MACRO __PUTD1EN
                 	LDI  R26,LOW(@0+(@1))
                 	LDI  R27,HIGH(@0+(@1))
                 	CALL __EEPROMWRD
                 	.ENDM
                 
                 	.MACRO __PUTBR0MN
                 	STS  @0+(@1),R0
                 	.ENDM
                 
                 	.MACRO __PUTBMRN
                 	STS  @0+(@1),R@2
                 	.ENDM
                 
                 	.MACRO __PUTWMRN
                 	STS  @0+(@1),R@2
                 	STS  @0+(@1)+1,R@3
                 	.ENDM
                 
                 	.MACRO __PUTBZR
                 	STD  Z+@1,R@0
                 	.ENDM
                 
                 	.MACRO __PUTWZR
                 	STD  Z+@2,R@0
                 	STD  Z+@2+1,R@1
                 	.ENDM
                 
                 	.MACRO __GETW1R
                 	MOV  R30,R@0
                 	MOV  R31,R@1
                 	.ENDM
                 
                 	.MACRO __GETW2R
                 	MOV  R26,R@0
                 	MOV  R27,R@1
                 	.ENDM
                 
                 	.MACRO __GETWRN
                 	LDI  R@0,LOW(@2)
                 	LDI  R@1,HIGH(@2)
                 	.ENDM
                 
                 	.MACRO __PUTW1R
                 	MOV  R@0,R30
                 	MOV  R@1,R31
                 	.ENDM
                 
                 	.MACRO __PUTW2R
                 	MOV  R@0,R26
                 	MOV  R@1,R27
                 	.ENDM
                 
                 	.MACRO __ADDWRN
                 	SUBI R@0,LOW(-@2)
                 	SBCI R@1,HIGH(-@2)
                 	.ENDM
                 
                 	.MACRO __ADDWRR
                 	ADD  R@0,R@2
                 	ADC  R@1,R@3
                 	.ENDM
                 
                 	.MACRO __SUBWRN
                 	SUBI R@0,LOW(@2)
                 	SBCI R@1,HIGH(@2)
                 	.ENDM
                 
                 	.MACRO __SUBWRR
                 	SUB  R@0,R@2
                 	SBC  R@1,R@3
                 	.ENDM
                 
                 	.MACRO __ANDWRN
                 	ANDI R@0,LOW(@2)
                 	ANDI R@1,HIGH(@2)
                 	.ENDM
                 
                 	.MACRO __ANDWRR
                 	AND  R@0,R@2
                 	AND  R@1,R@3
                 	.ENDM
                 
                 	.MACRO __ORWRN
                 	ORI  R@0,LOW(@2)
                 	ORI  R@1,HIGH(@2)
                 	.ENDM
                 
                 	.MACRO __ORWRR
                 	OR   R@0,R@2
                 	OR   R@1,R@3
                 	.ENDM
                 
                 	.MACRO __EORWRR
                 	EOR  R@0,R@2
                 	EOR  R@1,R@3
                 	.ENDM
                 
                 	.MACRO __GETWRS
                 	LDD  R@0,Y+@2
                 	LDD  R@1,Y+@2+1
                 	.ENDM
                 
                 	.MACRO __PUTBSR
                 	STD  Y+@1,R@0
                 	.ENDM
                 
                 	.MACRO __PUTWSR
                 	STD  Y+@2,R@0
                 	STD  Y+@2+1,R@1
                 	.ENDM
                 
                 	.MACRO __MOVEWRR
                 	MOV  R@0,R@2
                 	MOV  R@1,R@3
                 	.ENDM
                 
                 	.MACRO __INWR
                 	IN   R@0,@2
                 	IN   R@1,@2+1
                 	.ENDM
                 
                 	.MACRO __OUTWR
                 	OUT  @2+1,R@1
                 	OUT  @2,R@0
                 	.ENDM
                 
                 	.MACRO __CALL1MN
                 	LDS  R30,@0+(@1)
                 	LDS  R31,@0+(@1)+1
                 	ICALL
                 	.ENDM
                 
                 	.MACRO __CALL1FN
                 	LDI  R30,LOW(2*@0+(@1))
                 	LDI  R31,HIGH(2*@0+(@1))
                 	CALL __GETW1PF
                 	ICALL
                 	.ENDM
                 
                 	.MACRO __CALL2EN
                 	PUSH R26
                 	PUSH R27
                 	LDI  R26,LOW(@0+(@1))
                 	LDI  R27,HIGH(@0+(@1))
                 	CALL __EEPROMRDW
                 	POP  R27
                 	POP  R26
                 	ICALL
                 	.ENDM
                 
                 	.MACRO __CALL2EX
                 	SUBI R26,LOW(-@0)
                 	SBCI R27,HIGH(-@0)
                 	CALL __EEPROMRDD
                 	ICALL
                 	.ENDM
                 
                 	.MACRO __GETW1STACK
                 	IN   R30,SPL
                 	IN   R31,SPH
                 	ADIW R30,@0+1
                 	LD   R0,Z+
                 	LD   R31,Z
                 	MOV  R30,R0
                 	.ENDM
                 
                 	.MACRO __GETD1STACK
                 	IN   R30,SPL
                 	IN   R31,SPH
                 	ADIW R30,@0+1
                 	LD   R0,Z+
                 	LD   R1,Z+
                 	LD   R22,Z
                 	MOVW R30,R0
                 	.ENDM
                 
                 	.MACRO __NBST
                 	BST  R@0,@1
                 	IN   R30,SREG
                 	LDI  R31,0x40
                 	EOR  R30,R31
                 	OUT  SREG,R30
                 	.ENDM
                 
                 
                 	.MACRO __PUTB1SN
                 	LDD  R26,Y+@0
                 	LDD  R27,Y+@0+1
                 	SUBI R26,LOW(-@1)
                 	SBCI R27,HIGH(-@1)
                 	ST   X,R30
                 	.ENDM
                 
                 	.MACRO __PUTW1SN
                 	LDD  R26,Y+@0
                 	LDD  R27,Y+@0+1
                 	SUBI R26,LOW(-@1)
                 	SBCI R27,HIGH(-@1)
                 	ST   X+,R30
                 	ST   X,R31
                 	.ENDM
                 
                 	.MACRO __PUTD1SN
                 	LDD  R26,Y+@0
                 	LDD  R27,Y+@0+1
                 	SUBI R26,LOW(-@1)
                 	SBCI R27,HIGH(-@1)
                 	CALL __PUTDP1
                 	.ENDM
                 
                 	.MACRO __PUTB1SNS
                 	LDD  R26,Y+@0
                 	LDD  R27,Y+@0+1
                 	ADIW R26,@1
                 	ST   X,R30
                 	.ENDM
                 
                 	.MACRO __PUTW1SNS
                 	LDD  R26,Y+@0
                 	LDD  R27,Y+@0+1
                 	ADIW R26,@1
                 	ST   X+,R30
                 	ST   X,R31
                 	.ENDM
                 
                 	.MACRO __PUTD1SNS
                 	LDD  R26,Y+@0
                 	LDD  R27,Y+@0+1
                 	ADIW R26,@1
                 	CALL __PUTDP1
                 	.ENDM
                 
                 	.MACRO __PUTB1PMN
                 	LDS  R26,@0
                 	LDS  R27,@0+1
                 	SUBI R26,LOW(-@1)
                 	SBCI R27,HIGH(-@1)
                 	ST   X,R30
                 	.ENDM
                 
                 	.MACRO __PUTW1PMN
                 	LDS  R26,@0
                 	LDS  R27,@0+1
                 	SUBI R26,LOW(-@1)
                 	SBCI R27,HIGH(-@1)
                 	ST   X+,R30
                 	ST   X,R31
                 	.ENDM
                 
                 	.MACRO __PUTD1PMN
                 	LDS  R26,@0
                 	LDS  R27,@0+1
                 	SUBI R26,LOW(-@1)
                 	SBCI R27,HIGH(-@1)
                 	CALL __PUTDP1
                 	.ENDM
                 
                 	.MACRO __PUTB1PMNS
                 	LDS  R26,@0
                 	LDS  R27,@0+1
                 	ADIW R26,@1
                 	ST   X,R30
                 	.ENDM
                 
                 	.MACRO __PUTW1PMNS
                 	LDS  R26,@0
                 	LDS  R27,@0+1
                 	ADIW R26,@1
                 	ST   X+,R30
                 	ST   X,R31
                 	.ENDM
                 
                 	.MACRO __PUTD1PMNS
                 	LDS  R26,@0
                 	LDS  R27,@0+1
                 	ADIW R26,@1
                 	CALL __PUTDP1
                 	.ENDM
                 
                 	.MACRO __PUTB1RN
                 	MOVW R26,R@0
                 	SUBI R26,LOW(-@1)
                 	SBCI R27,HIGH(-@1)
                 	ST   X,R30
                 	.ENDM
                 
                 	.MACRO __PUTW1RN
                 	MOVW R26,R@0
                 	SUBI R26,LOW(-@1)
                 	SBCI R27,HIGH(-@1)
                 	ST   X+,R30
                 	ST   X,R31
                 	.ENDM
                 
                 	.MACRO __PUTD1RN
                 	MOVW R26,R@0
                 	SUBI R26,LOW(-@1)
                 	SBCI R27,HIGH(-@1)
                 	CALL __PUTDP1
                 	.ENDM
                 
                 	.MACRO __PUTB1RNS
                 	MOVW R26,R@0
                 	ADIW R26,@1
                 	ST   X,R30
                 	.ENDM
                 
                 	.MACRO __PUTW1RNS
                 	MOVW R26,R@0
                 	ADIW R26,@1
                 	ST   X+,R30
                 	ST   X,R31
                 	.ENDM
                 
                 	.MACRO __PUTD1RNS
                 	MOVW R26,R@0
                 	ADIW R26,@1
                 	CALL __PUTDP1
                 	.ENDM
                 
                 	.MACRO __PUTB1RON
                 	MOV  R26,R@0
                 	MOV  R27,R@1
                 	SUBI R26,LOW(-@2)
                 	SBCI R27,HIGH(-@2)
                 	ST   X,R30
                 	.ENDM
                 
                 	.MACRO __PUTW1RON
                 	MOV  R26,R@0
                 	MOV  R27,R@1
                 	SUBI R26,LOW(-@2)
                 	SBCI R27,HIGH(-@2)
                 	ST   X+,R30
                 	ST   X,R31
                 	.ENDM
                 
                 	.MACRO __PUTD1RON
                 	MOV  R26,R@0
                 	MOV  R27,R@1
                 	SUBI R26,LOW(-@2)
                 	SBCI R27,HIGH(-@2)
                 	CALL __PUTDP1
                 	.ENDM
                 
                 	.MACRO __PUTB1RONS
                 	MOV  R26,R@0
                 	MOV  R27,R@1
                 	ADIW R26,@2
                 	ST   X,R30
                 	.ENDM
                 
                 	.MACRO __PUTW1RONS
                 	MOV  R26,R@0
                 	MOV  R27,R@1
                 	ADIW R26,@2
                 	ST   X+,R30
                 	ST   X,R31
                 	.ENDM
                 
                 	.MACRO __PUTD1RONS
                 	MOV  R26,R@0
                 	MOV  R27,R@1
                 	ADIW R26,@2
                 	CALL __PUTDP1
                 	.ENDM
                 
                 
                 	.MACRO __GETB1SX
                 	MOVW R30,R28
                 	SUBI R30,LOW(-@0)
                 	SBCI R31,HIGH(-@0)
                 	LD   R30,Z
                 	.ENDM
                 
                 	.MACRO __GETB1HSX
                 	MOVW R30,R28
                 	SUBI R30,LOW(-@0)
                 	SBCI R31,HIGH(-@0)
                 	LD   R31,Z
                 	.ENDM
                 
                 	.MACRO __GETW1SX
                 	MOVW R30,R28
                 	SUBI R30,LOW(-@0)
                 	SBCI R31,HIGH(-@0)
                 	LD   R0,Z+
                 	LD   R31,Z
                 	MOV  R30,R0
                 	.ENDM
                 
                 	.MACRO __GETD1SX
                 	MOVW R30,R28
                 	SUBI R30,LOW(-@0)
                 	SBCI R31,HIGH(-@0)
                 	LD   R0,Z+
                 	LD   R1,Z+
                 	LD   R22,Z+
                 	LD   R23,Z
                 	MOVW R30,R0
                 	.ENDM
                 
                 	.MACRO __GETB2SX
                 	MOVW R26,R28
                 	SUBI R26,LOW(-@0)
                 	SBCI R27,HIGH(-@0)
                 	LD   R26,X
                 	.ENDM
                 
                 	.MACRO __GETW2SX
                 	MOVW R26,R28
                 	SUBI R26,LOW(-@0)
                 	SBCI R27,HIGH(-@0)
                 	LD   R0,X+
                 	LD   R27,X
                 	MOV  R26,R0
                 	.ENDM
                 
                 	.MACRO __GETD2SX
                 	MOVW R26,R28
                 	SUBI R26,LOW(-@0)
                 	SBCI R27,HIGH(-@0)
                 	LD   R0,X+
                 	LD   R1,X+
                 	LD   R24,X+
                 	LD   R25,X
                 	MOVW R26,R0
                 	.ENDM
                 
                 	.MACRO __GETBRSX
                 	MOVW R30,R28
                 	SUBI R30,LOW(-@1)
                 	SBCI R31,HIGH(-@1)
                 	LD   R@0,Z
                 	.ENDM
                 
                 	.MACRO __GETWRSX
                 	MOVW R30,R28
                 	SUBI R30,LOW(-@2)
                 	SBCI R31,HIGH(-@2)
                 	LD   R@0,Z+
                 	LD   R@1,Z
                 	.ENDM
                 
                 	.MACRO __GETBRSX2
                 	MOVW R26,R28
                 	SUBI R26,LOW(-@1)
                 	SBCI R27,HIGH(-@1)
                 	LD   R@0,X
                 	.ENDM
                 
                 	.MACRO __GETWRSX2
                 	MOVW R26,R28
                 	SUBI R26,LOW(-@2)
                 	SBCI R27,HIGH(-@2)
                 	LD   R@0,X+
                 	LD   R@1,X
                 	.ENDM
                 
                 	.MACRO __LSLW8SX
                 	MOVW R30,R28
                 	SUBI R30,LOW(-@0)
                 	SBCI R31,HIGH(-@0)
                 	LD   R31,Z
                 	CLR  R30
                 	.ENDM
                 
                 	.MACRO __PUTB1SX
                 	MOVW R26,R28
                 	SUBI R26,LOW(-@0)
                 	SBCI R27,HIGH(-@0)
                 	ST   X,R30
                 	.ENDM
                 
                 	.MACRO __PUTW1SX
                 	MOVW R26,R28
                 	SUBI R26,LOW(-@0)
                 	SBCI R27,HIGH(-@0)
                 	ST   X+,R30
                 	ST   X,R31
                 	.ENDM
                 
                 	.MACRO __PUTD1SX
                 	MOVW R26,R28
                 	SUBI R26,LOW(-@0)
                 	SBCI R27,HIGH(-@0)
                 	ST   X+,R30
                 	ST   X+,R31
                 	ST   X+,R22
                 	ST   X,R23
                 	.ENDM
                 
                 	.MACRO __CLRW1SX
                 	MOVW R26,R28
                 	SUBI R26,LOW(-@0)
                 	SBCI R27,HIGH(-@0)
                 	ST   X+,R30
                 	ST   X,R30
                 	.ENDM
                 
                 	.MACRO __CLRD1SX
                 	MOVW R26,R28
                 	SUBI R26,LOW(-@0)
                 	SBCI R27,HIGH(-@0)
                 	ST   X+,R30
                 	ST   X+,R30
                 	ST   X+,R30
                 	ST   X,R30
                 	.ENDM
                 
                 	.MACRO __PUTB2SX
                 	MOVW R30,R28
                 	SUBI R30,LOW(-@0)
                 	SBCI R31,HIGH(-@0)
                 	ST   Z,R26
                 	.ENDM
                 
                 	.MACRO __PUTW2SX
                 	MOVW R30,R28
                 	SUBI R30,LOW(-@0)
                 	SBCI R31,HIGH(-@0)
                 	ST   Z+,R26
                 	ST   Z,R27
                 	.ENDM
                 
                 	.MACRO __PUTD2SX
                 	MOVW R30,R28
                 	SUBI R30,LOW(-@0)
                 	SBCI R31,HIGH(-@0)
                 	ST   Z+,R26
                 	ST   Z+,R27
                 	ST   Z+,R24
                 	ST   Z,R25
                 	.ENDM
                 
                 	.MACRO __PUTBSRX
                 	MOVW R30,R28
                 	SUBI R30,LOW(-@1)
                 	SBCI R31,HIGH(-@1)
                 	ST   Z,R@0
                 	.ENDM
                 
                 	.MACRO __PUTWSRX
                 	MOVW R30,R28
                 	SUBI R30,LOW(-@2)
                 	SBCI R31,HIGH(-@2)
                 	ST   Z+,R@0
                 	ST   Z,R@1
                 	.ENDM
                 
                 	.MACRO __PUTB1SNX
                 	MOVW R26,R28
                 	SUBI R26,LOW(-@0)
                 	SBCI R27,HIGH(-@0)
                 	LD   R0,X+
                 	LD   R27,X
                 	MOV  R26,R0
                 	SUBI R26,LOW(-@1)
                 	SBCI R27,HIGH(-@1)
                 	ST   X,R30
                 	.ENDM
                 
                 	.MACRO __PUTW1SNX
                 	MOVW R26,R28
                 	SUBI R26,LOW(-@0)
                 	SBCI R27,HIGH(-@0)
                 	LD   R0,X+
                 	LD   R27,X
                 	MOV  R26,R0
                 	SUBI R26,LOW(-@1)
                 	SBCI R27,HIGH(-@1)
                 	ST   X+,R30
                 	ST   X,R31
                 	.ENDM
                 
                 	.MACRO __PUTD1SNX
                 	MOVW R26,R28
                 	SUBI R26,LOW(-@0)
                 	SBCI R27,HIGH(-@0)
                 	LD   R0,X+
                 	LD   R27,X
                 	MOV  R26,R0
                 	SUBI R26,LOW(-@1)
                 	SBCI R27,HIGH(-@1)
                 	ST   X+,R30
                 	ST   X+,R31
                 	ST   X+,R22
                 	ST   X,R23
                 	.ENDM
                 
                 	.MACRO __MULBRR
                 	MULS R@0,R@1
                 	MOVW R30,R0
                 	.ENDM
                 
                 	.MACRO __MULBRRU
                 	MUL  R@0,R@1
                 	MOVW R30,R0
                 	.ENDM
                 
                 	.MACRO __MULBRR0
                 	MULS R@0,R@1
                 	.ENDM
                 
                 	.MACRO __MULBRRU0
                 	MUL  R@0,R@1
                 	.ENDM
                 
                 	.MACRO __MULBNWRU
                 	LDI  R26,@2
                 	MUL  R26,R@0
                 	MOVW R30,R0
                 	MUL  R26,R@1
                 	ADD  R31,R0
                 	.ENDM
                 
                 ;GPIOR0 INITIALIZATION VALUE
                 	.EQU __GPIOR0_INIT=0x00
                 
                 	.CSEG
                 	.ORG 0x00
                 
                 ;START OF CODE MARKER
                 __START_OF_CODE:
                 
                 ;INTERRUPT VECTORS
000000 940c 0242 	JMP  __RESET
000002 940c 0000 	JMP  0x00
000004 940c 0000 	JMP  0x00
000006 940c 0000 	JMP  0x00
000008 940c 0000 	JMP  0x00
00000a 940c 0000 	JMP  0x00
00000c 940c 0000 	JMP  0x00
00000e 940c 0000 	JMP  0x00
000010 940c 0000 	JMP  0x00
000012 940c 0000 	JMP  0x00
000014 940c 0000 	JMP  0x00
000016 940c 0000 	JMP  0x00
000018 940c 0000 	JMP  0x00
00001a 940c 0000 	JMP  0x00
00001c 940c 0000 	JMP  0x00
00001e 940c 0000 	JMP  0x00
000020 940c 0000 	JMP  0x00
000022 940c 0000 	JMP  0x00
000024 940c 0000 	JMP  0x00
000026 940c 0000 	JMP  0x00
000028 940c 0000 	JMP  0x00
00002a 940c 0000 	JMP  0x00
00002c 940c 0000 	JMP  0x00
00002e 940c 0000 	JMP  0x00
000030 940c 0000 	JMP  0x00
000032 940c 0000 	JMP  0x00
000034 940c 0000 	JMP  0x00
000036 940c 0000 	JMP  0x00
000038 940c 0000 	JMP  0x00
00003a 940c 0000 	JMP  0x00
00003c 940c 0000 	JMP  0x00
00003e 940c 0000 	JMP  0x00
000040 940c 0000 	JMP  0x00
000042 940c 0000 	JMP  0x00
000044 940c 0000 	JMP  0x00
000046 940c 0000 	JMP  0x00
000048 940c 0000 	JMP  0x00
00004a 940c 0000 	JMP  0x00
                 
                 _Letras:
00004c 0000
00004d 0000
00004e 0000
00004f f200      	.DB  0x0,0x0,0x0,0x0,0x0,0x0,0x0,0xF2
000050 0000
000051 e000
000052 e000
000053 2800      	.DB  0x0,0x0,0x0,0xE0,0x0,0xE0,0x0,0x28
000054 28fe
000055 28fe
000056 5424
000057 54fe      	.DB  0xFE,0x28,0xFE,0x28,0x24,0x54,0xFE,0x54
000058 c448
000059 10c8
00005a 4626
00005b 926c      	.DB  0x48,0xC4,0xC8,0x10,0x26,0x46,0x6C,0x92
00005c 84aa
00005d 000a
00005e c0a0
00005f 0000      	.DB  0xAA,0x84,0xA,0x0,0xA0,0xC0,0x0,0x0
000060 3800
000061 8244
000062 0000
000063 4482      	.DB  0x0,0x38,0x44,0x82,0x0,0x0,0x82,0x44
000064 0038
000065 1028
000066 107c
000067 1028      	.DB  0x38,0x0,0x28,0x10,0x7C,0x10,0x28,0x10
000068 7c10
000069 1010
00006a 0500
00006b 0006      	.DB  0x10,0x7C,0x10,0x10,0x0,0x5,0x6,0x0
00006c 1000
00006d 1010
00006e 1010
00006f 0600      	.DB  0x0,0x10,0x10,0x10,0x10,0x10,0x0,0x6
000070 0006
000071 0400
000072 1008
000073 4020      	.DB  0x6,0x0,0x0,0x4,0x8,0x10,0x20,0x40
000074 8a7c
000075 a292
000076 007c
000077 fe42      	.DB  0x7C,0x8A,0x92,0xA2,0x7C,0x0,0x42,0xFE
000078 0002
000079 8642
00007a 928a
00007b 8462      	.DB  0x2,0x0,0x42,0x86,0x8A,0x92,0x62,0x84
00007c a282
00007d 9ce2
00007e 2818
00007f fe48      	.DB  0x82,0xA2,0xE2,0x9C,0x18,0x28,0x48,0xFE
000080 e408
000081 a2a2
000082 9ca2
000083 523c      	.DB  0x8,0xE4,0xA2,0xA2,0xA2,0x9C,0x3C,0x52
000084 9292
000085 800c
000086 908e
000087 c0a0      	.DB  0x92,0x92,0xC,0x80,0x8E,0x90,0xA0,0xC0
000088 926c
000089 9292
00008a 606c
00008b 9292      	.DB  0x6C,0x92,0x92,0x92,0x6C,0x60,0x92,0x92
00008c 7894
00008d 3600
00008e 0036
00008f 0000      	.DB  0x94,0x78,0x0,0x36,0x36,0x0,0x0,0x0
000090 3635
000091 0000
000092 2810
000093 8244      	.DB  0x35,0x36,0x0,0x0,0x10,0x28,0x44,0x82
000094 2800
000095 2828
000096 2828
000097 8200      	.DB  0x0,0x28,0x28,0x28,0x28,0x28,0x0,0x82
000098 2844
000099 4010
00009a 8a80
00009b 6090      	.DB  0x44,0x28,0x10,0x40,0x80,0x8A,0x90,0x60
00009c 924c
00009d 829e
00009e 7e7c
00009f 9090      	.DB  0x4C,0x92,0x9E,0x82,0x7C,0x7E,0x90,0x90
0000a0 7e90
0000a1 92fe
0000a2 9292
0000a3 7c6c      	.DB  0x90,0x7E,0xFE,0x92,0x92,0x92,0x6C,0x7C
0000a4 8282
0000a5 4482
0000a6 82fe
0000a7 8282      	.DB  0x82,0x82,0x82,0x44,0xFE,0x82,0x82,0x82
0000a8 fe7c
0000a9 9292
0000aa 9292
0000ab 90fe      	.DB  0x7C,0xFE,0x92,0x92,0x92,0x92,0xFE,0x90
0000ac 9090
0000ad 7c90
0000ae 9282
0000af 5c92      	.DB  0x90,0x90,0x90,0x7C,0x82,0x92,0x92,0x5C
0000b0 10fe
0000b1 1010
0000b2 00fe
0000b3 fe82      	.DB  0xFE,0x10,0x10,0x10,0xFE,0x0,0x82,0xFE
0000b4 0082
0000b5 8284
0000b6 8282
0000b7 fefc      	.DB  0x82,0x0,0x84,0x82,0x82,0x82,0xFC,0xFE
0000b8 2810
0000b9 8244
0000ba 02fe
0000bb 0202      	.DB  0x10,0x28,0x44,0x82,0xFE,0x2,0x2,0x2
0000bc fe02
0000bd 2040
0000be fe40
0000bf 40fe      	.DB  0x2,0xFE,0x40,0x20,0x40,0xFE,0xFE,0x40
0000c0 1020
0000c1 7cfe
0000c2 8282
0000c3 7c82      	.DB  0x20,0x10,0xFE,0x7C,0x82,0x82,0x82,0x7C
0000c4 90fe
0000c5 9090
0000c6 7c60
0000c7 8682      	.DB  0xFE,0x90,0x90,0x90,0x60,0x7C,0x82,0x86
0000c8 7d82
0000c9 90fe
0000ca 9498
0000cb 6462      	.DB  0x82,0x7D,0xFE,0x90,0x98,0x94,0x62,0x64
0000cc 9292
0000cd 4c92
0000ce 8080
0000cf 80fe      	.DB  0x92,0x92,0x92,0x4C,0x80,0x80,0xFE,0x80
0000d0 fc80
0000d1 0202
0000d2 fc02
0000d3 04f8      	.DB  0x80,0xFC,0x2,0x2,0x2,0xFC,0xF8,0x4
0000d4 0402
0000d5 fef8
0000d6 0804
0000d7 fe04      	.DB  0x2,0x4,0xF8,0xFE,0x4,0x8,0x4,0xFE
0000d8 28c6
0000d9 2810
0000da c0c6
0000db 1e20      	.DB  0xC6,0x28,0x10,0x28,0xC6,0xC0,0x20,0x1E
0000dc c020
0000dd 8a86
0000de a292
0000df 00c2      	.DB  0x20,0xC0,0x86,0x8A,0x92,0xA2,0xC2,0x0
0000e0 82fe
0000e1 0082
0000e2 2040
0000e3 0810      	.DB  0xFE,0x82,0x82,0x0,0x40,0x20,0x10,0x8
0000e4 0004
0000e5 8282
0000e6 00fe
0000e7 4020      	.DB  0x4,0x0,0x82,0x82,0xFE,0x0,0x20,0x40
0000e8 4080
0000e9 0220
0000ea 0202
0000eb 0202      	.DB  0x80,0x40,0x20,0x2,0x2,0x2,0x2,0x2
0000ec 8000
0000ed 2040
0000ee 0400
0000ef 2a2a      	.DB  0x0,0x80,0x40,0x20,0x0,0x4,0x2A,0x2A
0000f0 1e2a
0000f1 12fe
0000f2 2222
0000f3 1c1c      	.DB  0x2A,0x1E,0xFE,0x12,0x22,0x22,0x1C,0x1C
0000f4 2222
0000f5 2222
0000f6 221c
0000f7 1222      	.DB  0x22,0x22,0x22,0x22,0x1C,0x22,0x22,0x12
0000f8 1cfe
0000f9 2a2a
0000fa 182a
0000fb 7e10      	.DB  0xFE,0x1C,0x2A,0x2A,0x2A,0x18,0x10,0x7E
0000fc 8090
0000fd 1840
0000fe 2525
0000ff 3e25      	.DB  0x90,0x80,0x40,0x18,0x25,0x25,0x25,0x3E
000100 10fe
000101 2020
000102 001e
000103 be22      	.DB  0xFE,0x10,0x20,0x20,0x1E,0x0,0x22,0xBE
000104 0002
000105 0204
000106 bc22
000107 fe00      	.DB  0x2,0x0,0x4,0x2,0x22,0xBC,0x0,0xFE
000108 1408
000109 0022
00010a 8200
00010b 02fe      	.DB  0x8,0x14,0x22,0x0,0x0,0x82,0xFE,0x2
00010c 3e00
00010d 1820
00010e 1e20
00010f 103e      	.DB  0x0,0x3E,0x20,0x18,0x20,0x1E,0x3E,0x10
000110 2020
000111 1c1e
000112 2222
000113 1c22      	.DB  0x20,0x20,0x1E,0x1C,0x22,0x22,0x22,0x1C
000114 243f
000115 2424
000116 1818
000117 2424      	.DB  0x3F,0x24,0x24,0x24,0x18,0x18,0x24,0x24
000118 3f24
000119 103e
00011a 2020
00011b 1210      	.DB  0x24,0x3F,0x3E,0x10,0x20,0x20,0x10,0x12
00011c 2a2a
00011d 042a
00011e fe20
00011f 0222      	.DB  0x2A,0x2A,0x2A,0x4,0x20,0xFE,0x22,0x2
000120 3c04
000121 0202
000122 3e04
000123 0438      	.DB  0x4,0x3C,0x2,0x2,0x4,0x3E,0x38,0x4
000124 0402
000125 3c38
000126 0c02
000127 3c02      	.DB  0x2,0x4,0x38,0x3C,0x2,0xC,0x2,0x3C
000128 1422
000129 1408
00012a 3022
00012b 0a0a      	.DB  0x22,0x14,0x8,0x14,0x22,0x30,0xA,0xA
00012c 3c0a
00012d 2622
00012e 322a
00012f 0022      	.DB  0xA,0x3C,0x22,0x26,0x2A,0x32,0x22,0x0
000130 6c10
000131 0082
000132 0000
000133 00fe      	.DB  0x10,0x6C,0x82,0x0,0x0,0x0,0xFE,0x0
000134 0000
000135 6c82
000136 0010
000137 2010      	.DB  0x0,0x0,0x82,0x6C,0x10,0x0,0x10,0x20
000138 0810
000139 0010
00013a 0000
00013b 0000      	.DB  0x10,0x8,0x10,0x0,0x0,0x0,0x0,0x0
00013c aa04
00013d aa2a
00013e 1c1e
00013f 22a2      	.DB  0x4,0xAA,0x2A,0xAA,0x1E,0x1C,0xA2,0x22
000140 1ca2
000141 421c
000142 4202
000143 3e1c      	.DB  0xA2,0x1C,0x1C,0x42,0x2,0x42,0x1C,0x3E
000144 50d0
000145 3ed0
000146 c23c
000147 c242      	.DB  0xD0,0x50,0xD0,0x3E,0x3C,0xC2,0x42,0xC2
000148 3c3c
000149 0282
00014a 3c82
00014b 907f      	.DB  0x3C,0x3C,0x82,0x2,0x82,0x3C,0x7F,0x90
00014c 9292
00014d 006c
00014e 0000
00014f 0000      	.DB  0x92,0x92,0x6C,0x0,0x0,0x0,0x0,0x0
000150 0000
000151 0000
000152 0000
000153 0000      	.DB  0x0,0x0,0x0,0x0,0x0,0x0,0x0,0x0
000154 0000
000155 0000
000156 0000
000157 0000      	.DB  0x0,0x0,0x0,0x0,0x0,0x0,0x0,0x0
000158 0000
000159 0000
00015a 0000
00015b 0000      	.DB  0x0,0x0,0x0,0x0,0x0,0x0,0x0,0x0
00015c 0000
00015d 0000
00015e 0000
00015f 0000      	.DB  0x0,0x0,0x0,0x0,0x0,0x0,0x0,0x0
000160 0000
000161 0000
000162 0000
000163 0000      	.DB  0x0,0x0,0x0,0x0,0x0,0x0,0x0,0x0
000164 0000
000165 0000
000166 0000
000167 0000      	.DB  0x0,0x0,0x0,0x0,0x0,0x0,0x0,0x0
000168 0000
000169 0000
00016a 0000
00016b 0000      	.DB  0x0,0x0,0x0,0x0,0x0,0x0,0x0,0x0
00016c 0000
00016d 0000
00016e 0000
00016f 0000      	.DB  0x0,0x0,0x0,0x0,0x0,0x0,0x0,0x0
000170 0000
000171 0000
000172 0000
000173 0000      	.DB  0x0,0x0,0x0,0x0,0x0,0x0,0x0,0x0
000174 0000
000175 0000
000176 0000
000177 0000      	.DB  0x0,0x0,0x0,0x0,0x0,0x0,0x0,0x0
000178 0000
000179 0000
00017a 0000
00017b 0000      	.DB  0x0,0x0,0x0,0x0,0x0,0x0,0x0,0x0
00017c 0000
00017d 0000
00017e 0000
00017f 0000      	.DB  0x0,0x0,0x0,0x0,0x0,0x0,0x0,0x0
000180 0000
000181 0000
000182 0000
000183 0000      	.DB  0x0,0x0,0x0,0x0,0x0,0x0,0x0,0x0
000184 0000
000185 0000
000186 0000
000187 0000      	.DB  0x0,0x0,0x0,0x0,0x0,0x0,0x0,0x0
000188 0000
000189 0000
00018a 0000
00018b 0000      	.DB  0x0,0x0,0x0,0x0,0x0,0x0,0x0,0x0
00018c 0000
00018d 0000
00018e 0000
00018f 0000      	.DB  0x0,0x0,0x0,0x0,0x0,0x0,0x0,0x0
000190 0000
000191 0000
000192 0000
000193 0000      	.DB  0x0,0x0,0x0,0x0,0x0,0x0,0x0,0x0
000194 0000
000195 0000
000196 0000
000197 0000      	.DB  0x0,0x0,0x0,0x0,0x0,0x0,0x0,0x0
D:\JavierJr\Documents\ISD\FebJun20\LabMicrocontroladores\CodeVision\P05_Matrix\Debug\List\matrix.asm(1223): warning: .cseg .db misalignment - padding zero byte
000198 0000      	.DB  0x0
                 _Animacion:
000199 0810
00019a 0310
00019b 1003
00019c 1008      	.DB  0x10,0x8,0x10,0x3,0x3,0x10,0x8,0x10
00019d 0810
00019e 0210
00019f 1002
0001a0 1008      	.DB  0x10,0x8,0x10,0x2,0x2,0x10,0x8,0x10
0001a1 0810
0001a2 0310
0001a3 1003
0001a4 1008      	.DB  0x10,0x8,0x10,0x3,0x3,0x10,0x8,0x10
0001a5 0810
0001a6 0210
0001a7 1002
0001a8 1008      	.DB  0x10,0x8,0x10,0x2,0x2,0x10,0x8,0x10
0001a9 0810
0001aa 0310
0001ab 1003
0001ac 1008      	.DB  0x10,0x8,0x10,0x3,0x3,0x10,0x8,0x10
0001ad 0810
0001ae 0210
0001af 1002
0001b0 1008      	.DB  0x10,0x8,0x10,0x2,0x2,0x10,0x8,0x10
0001b1 0810
0001b2 0310
0001b3 1003
0001b4 1008      	.DB  0x10,0x8,0x10,0x3,0x3,0x10,0x8,0x10
0001b5 0810
0001b6 0210
0001b7 1002
0001b8 1008      	.DB  0x10,0x8,0x10,0x2,0x2,0x10,0x8,0x10
0001b9 1818
0001ba 0200
0001bb 0002
0001bc 1818      	.DB  0x18,0x18,0x0,0x2,0x2,0x0,0x18,0x18
0001bd 1008
0001be 0208
0001bf 0802
0001c0 0810      	.DB  0x8,0x10,0x8,0x2,0x2,0x8,0x10,0x8
0001c1 1818
0001c2 0200
0001c3 0002
0001c4 1818      	.DB  0x18,0x18,0x0,0x2,0x2,0x0,0x18,0x18
0001c5 1008
0001c6 0208
0001c7 0802
0001c8 0810      	.DB  0x8,0x10,0x8,0x2,0x2,0x8,0x10,0x8
0001c9 1818
0001ca 0200
0001cb 0002
0001cc 1818      	.DB  0x18,0x18,0x0,0x2,0x2,0x0,0x18,0x18
0001cd 1008
0001ce 0208
0001cf 0802
0001d0 0810      	.DB  0x8,0x10,0x8,0x2,0x2,0x8,0x10,0x8
0001d1 1008
0001d2 030a
0001d3 0a03
0001d4 0810      	.DB  0x8,0x10,0xA,0x3,0x3,0xA,0x10,0x8
0001d5 1008
0001d6 0208
0001d7 0802
0001d8 0810      	.DB  0x8,0x10,0x8,0x2,0x2,0x8,0x10,0x8
0001d9 1008
0001da 030a
0001db 0a03
0001dc 0810      	.DB  0x8,0x10,0xA,0x3,0x3,0xA,0x10,0x8
0001dd 1008
0001de 0208
0001df 0802
0001e0 0810      	.DB  0x8,0x10,0x8,0x2,0x2,0x8,0x10,0x8
0001e1 1008
0001e2 030a
0001e3 0a03
0001e4 0810      	.DB  0x8,0x10,0xA,0x3,0x3,0xA,0x10,0x8
0001e5 fe00
0001e6 1010
0001e7 fe10
0001e8 0000      	.DB  0x0,0xFE,0x10,0x10,0x10,0xFE,0x0,0x0
0001e9 0000
0001ea be22
0001eb 0002
0001ec 0000      	.DB  0x0,0x0,0x22,0xBE,0x2,0x0,0x0,0x0
0001ed 0000
0001ee f200
0001ef 0000
0001f0 0000      	.DB  0x0,0x0,0x0,0xF2,0x0,0x0,0x0,0x0
0001f1 0808
0001f2 0211
0001f3 1102
0001f4 0808      	.DB  0x8,0x8,0x11,0x2,0x2,0x11,0x8,0x8
0001f5 0808
0001f6 0310
0001f7 1003
0001f8 0808      	.DB  0x8,0x8,0x10,0x3,0x3,0x10,0x8,0x8
0001f9 0808
0001fa 0211
0001fb 1102
0001fc 0808      	.DB  0x8,0x8,0x11,0x2,0x2,0x11,0x8,0x8
0001fd 0808
0001fe 0310
0001ff 1003
000200 0808      	.DB  0x8,0x8,0x10,0x3,0x3,0x10,0x8,0x8
000201 fe00
000202 9292
000203 6c92
000204 0000      	.DB  0x0,0xFE,0x92,0x92,0x92,0x6C,0x0,0x0
000205 3000
000206 0a0a
000207 3c0a
000208 0000      	.DB  0x0,0x30,0xA,0xA,0xA,0x3C,0x0,0x0
000209 1c00
00020a 2a2a
00020b 182a
00020c 0000      	.DB  0x0,0x1C,0x2A,0x2A,0x2A,0x18,0x0,0x0
00020d 0000
00020e f200
00020f 0000
000210 0000      	.DB  0x0,0x0,0x0,0xF2,0x0,0x0,0x0,0x0
000211 0810
000212 0310
000213 1003
000214 1008      	.DB  0x10,0x8,0x10,0x3,0x3,0x10,0x8,0x10
000215 0810
000216 0210
000217 1002
000218 1008      	.DB  0x10,0x8,0x10,0x2,0x2,0x10,0x8,0x10
000219 0810
00021a 0310
00021b 1003
00021c 1008      	.DB  0x10,0x8,0x10,0x3,0x3,0x10,0x8,0x10
00021d 0810
00021e 0210
00021f 1002
000220 1008      	.DB  0x10,0x8,0x10,0x2,0x2,0x10,0x8,0x10
000221 0810
000222 0310
000223 1003
000224 1008      	.DB  0x10,0x8,0x10,0x3,0x3,0x10,0x8,0x10
000225 0810
000226 0210
000227 1002
000228 1008      	.DB  0x10,0x8,0x10,0x2,0x2,0x10,0x8,0x10
000229 0810
00022a 0310
00022b 1003
00022c 1008      	.DB  0x10,0x8,0x10,0x3,0x3,0x10,0x8,0x10
00022d 0810
00022e 0210
00022f 1002
000230 1008      	.DB  0x10,0x8,0x10,0x2,0x2,0x10,0x8,0x10
                 
                 _0x2F:
000231 7546
000232 636e
000233 6f69
000234 616e      	.DB  0x46,0x75,0x6E,0x63,0x69,0x6F,0x6E,0x61
000235 646e
000236 006f      	.DB  0x6E,0x64,0x6F,0x0
                 _0x34:
000237 4f43
000238 4956
000239 2d44
00023a 3931      	.DB  0x43,0x4F,0x56,0x49,0x44,0x2D,0x31,0x39
00023b 203f
00023c 6f4e
00023d 7020
00023e 6f72      	.DB  0x3F,0x20,0x4E,0x6F,0x20,0x70,0x72,0x6F
00023f 6c62
000240 6d65
000241 0021      	.DB  0x62,0x6C,0x65,0x6D,0x21,0x0
                 __RESET:
000242 94f8      	CLI
000243 27ee      	CLR  R30
000244 bbef      	OUT  EECR,R30
                 
                 ;INTERRUPT VECTORS ARE PLACED
                 ;AT THE START OF FLASH
000245 e0f1      	LDI  R31,1
000246 bff5      	OUT  MCUCR,R31
000247 bfe5      	OUT  MCUCR,R30
                 
                 ;CLEAR R2-R14
000248 e08d      	LDI  R24,(14-2)+1
000249 e0a2      	LDI  R26,2
00024a 27bb      	CLR  R27
                 __CLEAR_REG:
00024b 93ed      	ST   X+,R30
00024c 958a      	DEC  R24
00024d f7e9      	BRNE __CLEAR_REG
                 
                 ;CLEAR SRAM
00024e e080      	LDI  R24,LOW(__CLEAR_SRAM_SIZE)
00024f e290      	LDI  R25,HIGH(__CLEAR_SRAM_SIZE)
000250 e0a0      	LDI  R26,LOW(__SRAM_START)
000251 e0b1      	LDI  R27,HIGH(__SRAM_START)
                 __CLEAR_SRAM:
000252 93ed      	ST   X+,R30
000253 9701      	SBIW R24,1
000254 f7e9      	BRNE __CLEAR_SRAM
                 
000255 bf8b      	OUT  RAMPZ,R24
                 
                 ;GPIOR0 INITIALIZATION
000256 e0e0      	LDI  R30,__GPIOR0_INIT
000257 bbee      	OUT  GPIOR0,R30
                 
                 ;HARDWARE STACK POINTER INITIALIZATION
000258 efef      	LDI  R30,LOW(__SRAM_END-__HEAP_SIZE)
000259 bfed      	OUT  SPL,R30
00025a e2e0      	LDI  R30,HIGH(__SRAM_END-__HEAP_SIZE)
00025b bfee      	OUT  SPH,R30
                 
                 ;DATA STACK POINTER INITIALIZATION
00025c e0c0      	LDI  R28,LOW(__SRAM_START+__DSTACK_SIZE)
00025d e0d5      	LDI  R29,HIGH(__SRAM_START+__DSTACK_SIZE)
                 
00025e 940c 03e2 	JMP  _main
                 
                 	.ESEG
                 	.ORG 0
                 
                 	.DSEG
                 	.ORG 0x500
                 
                 	.CSEG
                 ;/*
                 ; * Matriz_LEDS.c
                 ; *
                 ; * Created: 21/04/2020 05:36:03 p. m.
                 ; * Author: Chucho López Ortega
                 ; */
                 ;
                 ;#include <io.h>
                 	#ifndef __SLEEP_DEFINED__
                 	#define __SLEEP_DEFINED__
                 	.EQU __se_bit=0x01
                 	.EQU __sm_mask=0x0E
                 	.EQU __sm_powerdown=0x04
                 	.EQU __sm_powersave=0x06
                 	.EQU __sm_standby=0x0C
                 	.EQU __sm_ext_standby=0x0E
                 	.EQU __sm_adc_noise_red=0x02
                 	.SET power_ctrl_reg=smcr
                 	#endif
                 ;#include <delay.h>
                 ;#include "Letras.h"
                 ;#include "Animacion.h"
                 ;
                 ;#define DIN PORTC.0
                 ;#define LOAD PORTC.1
                 ;#define CLK PORTC.2
                 ;
                 ;void MandaMax7219 (unsigned int dato)
                 ; 0000 0012 {
                 
                 	.CSEG
                 _MandaMax7219:
                 ; .FSTART _MandaMax7219
                 ; 0000 0013     unsigned char i;        //Contador para 16b
                 ; 0000 0014     CLK=0;                  //Valores de inicializacion
000260 93ba      	ST   -Y,R27
000261 93aa      	ST   -Y,R26
000262 930a      	ST   -Y,R16
                 ;	dato -> Y+1
                 ;	i -> R16
000263 9842      	CBI  0x8,2
                 ; 0000 0015     LOAD=0;                 //Valores de inicializacion
000264 9841      	CBI  0x8,1
                 ; 0000 0016     for (i=0;i<16;i++)
000265 e000      	LDI  R16,LOW(0)
                 _0x8:
000266 3100      	CPI  R16,16
000267 f480      	BRSH _0x9
                 ; 0000 0017     {
                 ; 0000 0018         if ((dato&0x8000)==0)
000268 81ea      	LDD  R30,Y+2
000269 78e0      	ANDI R30,LOW(0x80)
00026a f411      	BRNE _0xA
                 ; 0000 0019             DIN=0;
00026b 9840      	CBI  0x8,0
                 ; 0000 001A         else
00026c c001      	RJMP _0xD
                 _0xA:
                 ; 0000 001B             DIN=1;
00026d 9a40      	SBI  0x8,0
                 ; 0000 001C         CLK=1;
                 _0xD:
00026e 9a42      	SBI  0x8,2
                 ; 0000 001D         CLK=0;
00026f 9842      	CBI  0x8,2
                 ; 0000 001E         dato=dato<<1;         //El siguiente bit pasa a ser el mas significativo
000270 81e9      	LDD  R30,Y+1
000271 81fa      	LDD  R31,Y+1+1
000272 0fee      	LSL  R30
000273 1fff      	ROL  R31
000274 83e9      	STD  Y+1,R30
000275 83fa      	STD  Y+1+1,R31
                 ; 0000 001F     }
000276 5f0f      	SUBI R16,-1
000277 cfee      	RJMP _0x8
                 _0x9:
                 ; 0000 0020     LOAD=1;
000278 9a41      	SBI  0x8,1
                 ; 0000 0021     LOAD=0;
000279 9841      	CBI  0x8,1
                 ; 0000 0022 }
00027a 8108      	LDD  R16,Y+0
00027b c164      	RJMP _0x2000001
                 ; .FEND
                 ;
                 ;void ConfiguraMax(void)
                 ; 0000 0025 {
                 _ConfiguraMax:
                 ; .FSTART _ConfiguraMax
                 ; 0000 0026     DDRC=0x07;              //Salidas en PC0,PC1,PC2
00027c e0e7      	LDI  R30,LOW(7)
00027d b9e7      	OUT  0x7,R30
                 ; 0000 0027     MandaMax7219(0x0900);    //Mando a 0x09 un 0x00 (Decode Mode)
00027e e0a0      	LDI  R26,LOW(2304)
00027f e0b9      	LDI  R27,HIGH(2304)
000280 dfdf      	RCALL _MandaMax7219
                 ; 0000 0028     MandaMax7219(0x0A08);    //Mando a 0x0A un 0x08 (Decode Mode)
000281 e0a8      	LDI  R26,LOW(2568)
000282 e0ba      	LDI  R27,HIGH(2568)
000283 dfdc      	RCALL _MandaMax7219
                 ; 0000 0029     MandaMax7219(0x0B07);    //Mando a 0x0B un 0x07 (Decode Mode)
000284 e0a7      	LDI  R26,LOW(2823)
000285 e0bb      	LDI  R27,HIGH(2823)
000286 dfd9      	RCALL _MandaMax7219
                 ; 0000 002A     MandaMax7219(0x0C01);    //Mando a 0x01 un 0x01 (Decode Mode)
000287 e0a1      	LDI  R26,LOW(3073)
000288 e0bc      	LDI  R27,HIGH(3073)
000289 dfd6      	RCALL _MandaMax7219
                 ; 0000 002B     MandaMax7219(0x0F00);    //Mando a 0x0F un 0x00 (Decode Mode)
00028a e0a0      	LDI  R26,LOW(3840)
00028b e0bf      	LDI  R27,HIGH(3840)
00028c c036      	RJMP _0x2000003
                 ; 0000 002C }
                 ; .FEND
                 ;
                 ;void MandaLetra(char letra)
                 ; 0000 002F {
                 _MandaLetra:
                 ; .FSTART _MandaLetra
                 ; 0000 0030     letra=letra-32;          //offset de la tabla (espacio es el primer caracter)
00028d 93aa      	ST   -Y,R26
                 ;	letra -> Y+0
00028e 81e8      	LD   R30,Y
00028f 52e0      	SUBI R30,LOW(32)
000290 83e8      	ST   Y,R30
                 ; 0000 0031     MandaMax7219(0x0100);    //elimino las columnas que no ocupo
000291 d184      	RCALL SUBOPT_0x0
                 ; 0000 0032     MandaMax7219(0x0200);    //elimino las columnas que no ocupo
                 ; 0000 0033     MandaMax7219(0x0800);    //elimino las columnas que no ocupo
000292 e0a0      	LDI  R26,LOW(2048)
000293 e0b8      	LDI  R27,HIGH(2048)
000294 d187      	RCALL SUBOPT_0x1
                 ; 0000 0034 
                 ; 0000 0035     //    Unimos la columna y el valor de cada renglon
                 ; 0000 0036     MandaMax7219(0x0300|Letras[letra][4]);
000295 9634      	ADIW R30,4
000296 91e4      	LPM  R30,Z
000297 e0f0      	LDI  R31,0
000298 60f3      	ORI  R31,HIGH(0x300)
000299 01df      	MOVW R26,R30
00029a d181      	RCALL SUBOPT_0x1
                 ; 0000 0037     MandaMax7219(0x0400|Letras[letra][3]);
00029b 9633      	ADIW R30,3
00029c 91e4      	LPM  R30,Z
00029d e0f0      	LDI  R31,0
00029e 60f4      	ORI  R31,HIGH(0x400)
00029f 01df      	MOVW R26,R30
0002a0 d17b      	RCALL SUBOPT_0x1
                 ; 0000 0038     MandaMax7219(0x0500|Letras[letra][2]);
0002a1 9632      	ADIW R30,2
0002a2 91e4      	LPM  R30,Z
0002a3 e0f0      	LDI  R31,0
0002a4 60f5      	ORI  R31,HIGH(0x500)
0002a5 01df      	MOVW R26,R30
0002a6 d175      	RCALL SUBOPT_0x1
                 ; 0000 0039     MandaMax7219(0x0600|Letras[letra][1]);
0002a7 9631      	ADIW R30,1
0002a8 91e4      	LPM  R30,Z
0002a9 e0f0      	LDI  R31,0
0002aa 60f6      	ORI  R31,HIGH(0x600)
0002ab 01df      	MOVW R26,R30
0002ac d16f      	RCALL SUBOPT_0x1
                 ; 0000 003A     MandaMax7219(0x0700|Letras[letra][0]);
0002ad 91e4      	LPM  R30,Z
0002ae e0f0      	LDI  R31,0
0002af 60f7      	ORI  R31,HIGH(0x700)
0002b0 c0ef      	RJMP _0x2000002
                 ; 0000 003B }
                 ; .FEND
                 ;
                 ;void clear(){
                 ; 0000 003D void clear(){
                 _clear:
                 ; .FSTART _clear
                 ; 0000 003E     MandaMax7219(0x0100);
0002b1 d164      	RCALL SUBOPT_0x0
                 ; 0000 003F     MandaMax7219(0x0200);
                 ; 0000 0040     MandaMax7219(0x0300);
0002b2 e0a0      	LDI  R26,LOW(768)
0002b3 e0b3      	LDI  R27,HIGH(768)
0002b4 dfab      	RCALL _MandaMax7219
                 ; 0000 0041     MandaMax7219(0x0400);
0002b5 e0a0      	LDI  R26,LOW(1024)
0002b6 e0b4      	LDI  R27,HIGH(1024)
0002b7 dfa8      	RCALL _MandaMax7219
                 ; 0000 0042     MandaMax7219(0x0500);
0002b8 e0a0      	LDI  R26,LOW(1280)
0002b9 e0b5      	LDI  R27,HIGH(1280)
0002ba dfa5      	RCALL _MandaMax7219
                 ; 0000 0043     MandaMax7219(0x0600);
0002bb e0a0      	LDI  R26,LOW(1536)
0002bc e0b6      	LDI  R27,HIGH(1536)
0002bd dfa2      	RCALL _MandaMax7219
                 ; 0000 0044     MandaMax7219(0x0700);
0002be e0a0      	LDI  R26,LOW(1792)
0002bf e0b7      	LDI  R27,HIGH(1792)
0002c0 df9f      	RCALL _MandaMax7219
                 ; 0000 0045     MandaMax7219(0x0800);
0002c1 e0a0      	LDI  R26,LOW(2048)
0002c2 e0b8      	LDI  R27,HIGH(2048)
                 _0x2000003:
0002c3 df9c      	RCALL _MandaMax7219
                 ; 0000 0046 }
0002c4 9508      	RET
                 ; .FEND
                 ;
                 ;void DespliegaMensaje(char *str, int time, char size){
                 ; 0000 0048 void DespliegaMensaje(char *str, int time, char size){
                 _DespliegaMensaje:
                 ; .FSTART _DespliegaMensaje
                 ; 0000 0049     char i=0;
                 ; 0000 004A     for(i=0; i<size-1; i++){
0002c5 93aa      	ST   -Y,R26
0002c6 930a      	ST   -Y,R16
                 ;	*str -> Y+4
                 ;	time -> Y+2
                 ;	size -> Y+1
                 ;	i -> R16
0002c7 e000      	LDI  R16,0
0002c8 e000      	LDI  R16,LOW(0)
                 _0x19:
0002c9 81e9      	LDD  R30,Y+1
0002ca e0f0      	LDI  R31,0
0002cb 9731      	SBIW R30,1
0002cc d157      	RCALL SUBOPT_0x2
0002cd f46c      	BRGE _0x1A
                 ; 0000 004B         MandaLetra(str[i]);
0002ce 81ac      	LDD  R26,Y+4
0002cf 81bd      	LDD  R27,Y+4+1
0002d0 27ee      	CLR  R30
0002d1 0fa0      	ADD  R26,R16
0002d2 1fbe      	ADC  R27,R30
0002d3 91ac      	LD   R26,X
0002d4 dfb8      	RCALL _MandaLetra
                 ; 0000 004C         delay_ms(time);
0002d5 81aa      	LDD  R26,Y+2
0002d6 81bb      	LDD  R27,Y+2+1
0002d7 940e 0430 	CALL _delay_ms
                 ; 0000 004D     }
0002d9 5f0f      	SUBI R16,-1
0002da cfee      	RJMP _0x19
                 _0x1A:
                 ; 0000 004E }
0002db 8108      	LDD  R16,Y+0
0002dc 9626      	ADIW R28,6
0002dd 9508      	RET
                 ; .FEND
                 ;
                 ;int l1, l2, l3, l4, l5, l6, l7, l8, lsize;
                 ;void DespliegaMensajeCorrimiento(char *Mensaje, int tiempo, char size){
                 ; 0000 0051 void DespliegaMensajeCorrimiento(char *Mensaje, int tiempo, char size){
                 _DespliegaMensajeCorrimiento:
                 ; .FSTART _DespliegaMensajeCorrimiento
                 ; 0000 0052     char i=0, j=0;
                 ; 0000 0053     clear();
0002de 93aa      	ST   -Y,R26
0002df 931a      	ST   -Y,R17
0002e0 930a      	ST   -Y,R16
                 ;	*Mensaje -> Y+5
                 ;	tiempo -> Y+3
                 ;	size -> Y+2
                 ;	i -> R16
                 ;	j -> R17
0002e1 e000      	LDI  R16,0
0002e2 e010      	LDI  R17,0
0002e3 dfcd      	RCALL _clear
                 ; 0000 0054     lsize = (size-1)*5;
0002e4 81ea      	LDD  R30,Y+2
0002e5 e0f0      	LDI  R31,0
0002e6 9731      	SBIW R30,1
0002e7 e0a5      	LDI  R26,LOW(5)
0002e8 e0b0      	LDI  R27,HIGH(5)
0002e9 940e 044d 	CALL __MULW12
0002eb 93e0 0510 	STS  _lsize,R30
0002ed 93f0 0511 	STS  _lsize+1,R31
                 ; 0000 0055     for(i=0; i<lsize+8; i++){
0002ef e000      	LDI  R16,LOW(0)
                 _0x1C:
0002f0 91e0 0510 	LDS  R30,_lsize
0002f2 91f0 0511 	LDS  R31,_lsize+1
0002f4 9638      	ADIW R30,8
0002f5 d12e      	RCALL SUBOPT_0x2
0002f6 f00c      	BRLT PC+2
0002f7 c0a0      	RJMP _0x1D
                 ; 0000 0056         l8 = l7;    // Recorre las letras de la posicion anterior a la nueva
0002f8 91e0 050c 	LDS  R30,_l7
0002fa 91f0 050d 	LDS  R31,_l7+1
0002fc 93e0 050e 	STS  _l8,R30
0002fe 93f0 050f 	STS  _l8+1,R31
                 ; 0000 0057         l7 = l6;
000300 91e0 050a 	LDS  R30,_l6
000302 91f0 050b 	LDS  R31,_l6+1
000304 93e0 050c 	STS  _l7,R30
000306 93f0 050d 	STS  _l7+1,R31
                 ; 0000 0058         l6 = l5;
000308 91e0 0508 	LDS  R30,_l5
00030a 91f0 0509 	LDS  R31,_l5+1
00030c 93e0 050a 	STS  _l6,R30
00030e 93f0 050b 	STS  _l6+1,R31
                 ; 0000 0059         l5 = l4;
000310 91e0 0506 	LDS  R30,_l4
000312 91f0 0507 	LDS  R31,_l4+1
000314 93e0 0508 	STS  _l5,R30
000316 93f0 0509 	STS  _l5+1,R31
                 ; 0000 005A         l4 = l3;
000318 91e0 0504 	LDS  R30,_l3
00031a 91f0 0505 	LDS  R31,_l3+1
00031c 93e0 0506 	STS  _l4,R30
00031e 93f0 0507 	STS  _l4+1,R31
                 ; 0000 005B         l3 = l2;
000320 91e0 0502 	LDS  R30,_l2
000322 91f0 0503 	LDS  R31,_l2+1
000324 93e0 0504 	STS  _l3,R30
000326 93f0 0505 	STS  _l3+1,R31
                 ; 0000 005C         l2 = l1;
000328 91e0 0500 	LDS  R30,_l1
00032a 91f0 0501 	LDS  R31,_l1+1
00032c 93e0 0502 	STS  _l2,R30
00032e 93f0 0503 	STS  _l2+1,R31
                 ; 0000 005D         if(i<lsize) // Agrega las lineas al principio
000330 91e0 0510 	LDS  R30,_lsize
000332 91f0 0511 	LDS  R31,_lsize+1
000334 d0ef      	RCALL SUBOPT_0x2
000335 f4cc      	BRGE _0x1E
                 ; 0000 005E             l1 = Letras[Mensaje[j]-32][i%5];
000336 81ad      	LDD  R26,Y+5
000337 81be      	LDD  R27,Y+5+1
000338 27ee      	CLR  R30
000339 0fa1      	ADD  R26,R17
00033a 1fbe      	ADC  R27,R30
00033b 91ec      	LD   R30,X
00033c e0f0      	LDI  R31,0
00033d 97b0      	SBIW R30,32
00033e e0a5      	LDI  R26,LOW(5)
00033f e0b0      	LDI  R27,HIGH(5)
000340 940e 0445 	CALL __MULW12U
000342 56e8      	SUBI R30,LOW(-_Letras*2)
000343 4fff      	SBCI R31,HIGH(-_Letras*2)
000344 01bf      	MOVW R22,R30
000345 d0e3      	RCALL SUBOPT_0x3
000346 0fe6      	ADD  R30,R22
000347 1ff7      	ADC  R31,R23
000348 91e4      	LPM  R30,Z
000349 e0f0      	LDI  R31,0
00034a 93e0 0500 	STS  _l1,R30
00034c 93f0 0501 	STS  _l1+1,R31
                 ; 0000 005F         else
00034e c005      	RJMP _0x1F
                 _0x1E:
                 ; 0000 0060             l1 = 0;
00034f e0e0      	LDI  R30,LOW(0)
000350 93e0 0500 	STS  _l1,R30
000352 93e0 0501 	STS  _l1+1,R30
                 ; 0000 0061         if(i%5==4) // Cambia de letra cuando esta acabe
                 _0x1F:
000354 d0d4      	RCALL SUBOPT_0x3
000355 30e4      	CPI  R30,LOW(0x4)
000356 e0a0      	LDI  R26,HIGH(0x4)
000357 07fa      	CPC  R31,R26
000358 f409      	BRNE _0x20
                 ; 0000 0062             j++;
000359 5f1f      	SUBI R17,-1
                 ; 0000 0063         MandaMax7219(0x0100|l1); // Envia la informacion al Max7219
                 _0x20:
00035a 91e0 0500 	LDS  R30,_l1
00035c 91f0 0501 	LDS  R31,_l1+1
00035e 60f1      	ORI  R31,HIGH(0x100)
00035f 01df      	MOVW R26,R30
000360 deff      	RCALL _MandaMax7219
                 ; 0000 0064         MandaMax7219(0x0200|l2);
000361 91e0 0502 	LDS  R30,_l2
000363 91f0 0503 	LDS  R31,_l2+1
000365 60f2      	ORI  R31,HIGH(0x200)
000366 01df      	MOVW R26,R30
000367 def8      	RCALL _MandaMax7219
                 ; 0000 0065         MandaMax7219(0x0300|l3);
000368 91e0 0504 	LDS  R30,_l3
00036a 91f0 0505 	LDS  R31,_l3+1
00036c 60f3      	ORI  R31,HIGH(0x300)
00036d 01df      	MOVW R26,R30
00036e def1      	RCALL _MandaMax7219
                 ; 0000 0066         MandaMax7219(0x0400|l4);
00036f 91e0 0506 	LDS  R30,_l4
000371 91f0 0507 	LDS  R31,_l4+1
000373 60f4      	ORI  R31,HIGH(0x400)
000374 01df      	MOVW R26,R30
000375 deea      	RCALL _MandaMax7219
                 ; 0000 0067         MandaMax7219(0x0500|l5);
000376 91e0 0508 	LDS  R30,_l5
000378 91f0 0509 	LDS  R31,_l5+1
00037a 60f5      	ORI  R31,HIGH(0x500)
00037b 01df      	MOVW R26,R30
00037c dee3      	RCALL _MandaMax7219
                 ; 0000 0068         MandaMax7219(0x0600|l6);
00037d 91e0 050a 	LDS  R30,_l6
00037f 91f0 050b 	LDS  R31,_l6+1
000381 60f6      	ORI  R31,HIGH(0x600)
000382 01df      	MOVW R26,R30
000383 dedc      	RCALL _MandaMax7219
                 ; 0000 0069         MandaMax7219(0x0700|l7);
000384 91e0 050c 	LDS  R30,_l7
000386 91f0 050d 	LDS  R31,_l7+1
000388 60f7      	ORI  R31,HIGH(0x700)
000389 01df      	MOVW R26,R30
00038a ded5      	RCALL _MandaMax7219
                 ; 0000 006A         MandaMax7219(0x0800|l8);
00038b 91e0 050e 	LDS  R30,_l8
00038d 91f0 050f 	LDS  R31,_l8+1
00038f 60f8      	ORI  R31,HIGH(0x800)
000390 01df      	MOVW R26,R30
000391 dece      	RCALL _MandaMax7219
                 ; 0000 006B         delay_ms(tiempo);
000392 81ab      	LDD  R26,Y+3
000393 81bc      	LDD  R27,Y+3+1
000394 940e 0430 	CALL _delay_ms
                 ; 0000 006C     }
000396 5f0f      	SUBI R16,-1
000397 cf58      	RJMP _0x1C
                 _0x1D:
                 ; 0000 006D 
                 ; 0000 006E }
000398 8119      	LDD  R17,Y+1
000399 8108      	LDD  R16,Y+0
00039a 9627      	ADIW R28,7
00039b 9508      	RET
                 ; .FEND
                 ;
                 ;void ConfiguraIntensidad(unsigned char c)
                 ; 0000 0071 {
                 _ConfiguraIntensidad:
                 ; .FSTART _ConfiguraIntensidad
                 ; 0000 0072     MandaMax7219(0x0A00|c);
00039c 93aa      	ST   -Y,R26
                 ;	c -> Y+0
00039d 81e8      	LD   R30,Y
00039e e0f0      	LDI  R31,0
00039f 60fa      	ORI  R31,HIGH(0xA00)
                 _0x2000002:
0003a0 01df      	MOVW R26,R30
0003a1 debe      	RCALL _MandaMax7219
                 ; 0000 0073 }
0003a2 9621      	ADIW R28,1
0003a3 9508      	RET
                 ; .FEND
                 ;
                 ;void MandaAnimacion(void)
                 ; 0000 0076 {
                 _MandaAnimacion:
                 ; .FSTART _MandaAnimacion
                 ; 0000 0077     unsigned char i,j,k=0;
                 ; 0000 0078     ConfiguraIntensidad(1);
0003a4 940e 0488 	CALL __SAVELOCR3
                 ;	i -> R16
                 ;	j -> R17
                 ;	k -> R18
0003a6 e020      	LDI  R18,0
0003a7 e0a1      	LDI  R26,LOW(1)
0003a8 dff3      	RCALL _ConfiguraIntensidad
                 ; 0000 0079     for (j=0;j<38;j++)
0003a9 e010      	LDI  R17,LOW(0)
                 _0x22:
0003aa 3216      	CPI  R17,38
0003ab f590      	BRSH _0x23
                 ; 0000 007A     {
                 ; 0000 007B         if (j<8)
0003ac 3018      	CPI  R17,8
0003ad f418      	BRSH _0x24
                 ; 0000 007C         {
                 ; 0000 007D             ConfiguraIntensidad(k);
0003ae 2fa2      	MOV  R26,R18
0003af dfec      	RCALL _ConfiguraIntensidad
                 ; 0000 007E             k++;
0003b0 5f2f      	SUBI R18,-1
                 ; 0000 007F         }
                 ; 0000 0080         if (j>30 && j<38)
                 _0x24:
0003b1 311f      	CPI  R17,31
0003b2 f010      	BRLO _0x26
0003b3 3216      	CPI  R17,38
0003b4 f008      	BRLO _0x27
                 _0x26:
0003b5 c003      	RJMP _0x25
                 _0x27:
                 ; 0000 0081         {
                 ; 0000 0082             ConfiguraIntensidad(k);
0003b6 2fa2      	MOV  R26,R18
0003b7 dfe4      	RCALL _ConfiguraIntensidad
                 ; 0000 0083             k--;
0003b8 5021      	SUBI R18,1
                 ; 0000 0084         }
                 ; 0000 0085         for (i=1;i<9;i++)
                 _0x25:
0003b9 e001      	LDI  R16,LOW(1)
                 _0x29:
0003ba 3009      	CPI  R16,9
0003bb f4e0      	BRSH _0x2A
                 ; 0000 0086         {
                 ; 0000 0087             MandaMax7219((i<<8)|Animacion[j][8-i]);
0003bc 2ff0      	MOV  R31,R16
0003bd e0e0      	LDI  R30,LOW(0)
0003be 01cf      	MOVW R24,R30
0003bf 2fe1      	MOV  R30,R17
0003c0 e0f0      	LDI  R31,0
0003c1 940e 043e 	CALL __LSLW3
0003c3 5cee      	SUBI R30,LOW(-_Animacion*2)
0003c4 4ffc      	SBCI R31,HIGH(-_Animacion*2)
0003c5 01bf      	MOVW R22,R30
0003c6 2fe0      	MOV  R30,R16
0003c7 e0f0      	LDI  R31,0
0003c8 e0a8      	LDI  R26,LOW(8)
0003c9 e0b0      	LDI  R27,HIGH(8)
0003ca 940e 0481 	CALL __SWAPW12
0003cc 1bea      	SUB  R30,R26
0003cd 0bfb      	SBC  R31,R27
0003ce 0fe6      	ADD  R30,R22
0003cf 1ff7      	ADC  R31,R23
0003d0 91e4      	LPM  R30,Z
0003d1 e0f0      	LDI  R31,0
0003d2 2be8      	OR   R30,R24
0003d3 2bf9      	OR   R31,R25
0003d4 01df      	MOVW R26,R30
0003d5 de8a      	RCALL _MandaMax7219
                 ; 0000 0088         }
0003d6 5f0f      	SUBI R16,-1
0003d7 cfe2      	RJMP _0x29
                 _0x2A:
                 ; 0000 0089         delay_ms(400);
0003d8 e9a0      	LDI  R26,LOW(400)
0003d9 e0b1      	LDI  R27,HIGH(400)
0003da 940e 0430 	CALL _delay_ms
                 ; 0000 008A     }
0003dc 5f1f      	SUBI R17,-1
0003dd cfcc      	RJMP _0x22
                 _0x23:
                 ; 0000 008B }
0003de 940e 048c 	CALL __LOADLOCR3
                 _0x2000001:
0003e0 9623      	ADIW R28,3
0003e1 9508      	RET
                 ; .FEND
                 ;
                 ;void main(void)
                 ; 0000 008E {
                 _main:
                 ; .FSTART _main
                 ; 0000 008F 
                 ; 0000 0090 PORTD=0x07;     //seteo de botones
0003e2 e0e7      	LDI  R30,LOW(7)
0003e3 b9eb      	OUT  0xB,R30
                 ; 0000 0091 ConfiguraMax();
0003e4 de97      	RCALL _ConfiguraMax
                 ; 0000 0092 while (1)
                 _0x2B:
                 ; 0000 0093     {
                 ; 0000 0094     // Please write your application code here
                 ; 0000 0095         if(!PIND.0){ // Aparicion de letras
0003e5 9948      	SBIC 0x9,0
0003e6 c013      	RJMP _0x2E
                 ; 0000 0096             char str[] = "Funcionando";
                 ; 0000 0097             DespliegaMensaje(str, 1000, sizeof(str));
0003e7 972c      	SBIW R28,12
0003e8 e08c      	LDI  R24,12
0003e9 e0a0      	LDI  R26,LOW(0)
0003ea e0b0      	LDI  R27,HIGH(0)
0003eb e6e2      	LDI  R30,LOW(_0x2F*2)
0003ec e0f4      	LDI  R31,HIGH(_0x2F*2)
0003ed 940e 0490 	CALL __INITLOCB
                 ;	str -> Y+0
0003ef 01fe      	MOVW R30,R28
0003f0 93fa      	ST   -Y,R31
0003f1 93ea      	ST   -Y,R30
0003f2 eee8      	LDI  R30,LOW(1000)
0003f3 e0f3      	LDI  R31,HIGH(1000)
0003f4 93fa      	ST   -Y,R31
0003f5 93ea      	ST   -Y,R30
0003f6 e0ac      	LDI  R26,LOW(12)
0003f7 decd      	RCALL _DespliegaMensaje
                 ; 0000 0098         }else if (PIND.1==0)
0003f8 962c      	ADIW R28,12
0003f9 c01a      	RJMP _0x30
                 _0x2E:
0003fa 9949      	SBIC 0x9,1
0003fb c002      	RJMP _0x31
                 ; 0000 0099             MandaAnimacion();
0003fc dfa7      	RCALL _MandaAnimacion
                 ; 0000 009A         else if (PIND.2==0)     {
0003fd c016      	RJMP _0x32
                 _0x31:
0003fe 994a      	SBIC 0x9,2
0003ff c013      	RJMP _0x33
                 ; 0000 009B             char str[] = "COVID-19? No problem!";
                 ; 0000 009C             DespliegaMensajeCorrimiento(str, 200, sizeof(str));
000400 9766      	SBIW R28,22
000401 e186      	LDI  R24,22
000402 e0a0      	LDI  R26,LOW(0)
000403 e0b0      	LDI  R27,HIGH(0)
000404 e6ee      	LDI  R30,LOW(_0x34*2)
000405 e0f4      	LDI  R31,HIGH(_0x34*2)
000406 940e 0490 	CALL __INITLOCB
                 ;	str -> Y+0
000408 01fe      	MOVW R30,R28
000409 93fa      	ST   -Y,R31
00040a 93ea      	ST   -Y,R30
00040b ece8      	LDI  R30,LOW(200)
00040c e0f0      	LDI  R31,HIGH(200)
00040d 93fa      	ST   -Y,R31
00040e 93ea      	ST   -Y,R30
00040f e1a6      	LDI  R26,LOW(22)
000410 decd      	RCALL _DespliegaMensajeCorrimiento
                 ; 0000 009D         }else // Caso de no apretar nungun boton
000411 9666      	ADIW R28,22
000412 c001      	RJMP _0x35
                 _0x33:
                 ; 0000 009E             clear();
000413 de9d      	RCALL _clear
                 ; 0000 009F     }
                 _0x35:
                 _0x32:
                 _0x30:
000414 cfd0      	RJMP _0x2B
                 ; 0000 00A0 }
                 _0x36:
000415 cfff      	RJMP _0x36
                 ; .FEND
                 
                 	.DSEG
                 _l1:
000500           	.BYTE 0x2
                 _l2:
000502           	.BYTE 0x2
                 _l3:
000504           	.BYTE 0x2
                 _l4:
000506           	.BYTE 0x2
                 _l5:
000508           	.BYTE 0x2
                 _l6:
00050a           	.BYTE 0x2
                 _l7:
00050c           	.BYTE 0x2
                 _l8:
00050e           	.BYTE 0x2
                 _lsize:
000510           	.BYTE 0x2
                 
                 	.CSEG
                 ;OPTIMIZER ADDED SUBROUTINE, CALLED 2 TIMES, CODE SIZE REDUCTION:3 WORDS
                 SUBOPT_0x0:
000416 e0a0      	LDI  R26,LOW(256)
000417 e0b1      	LDI  R27,HIGH(256)
000418 de47      	RCALL _MandaMax7219
000419 e0a0      	LDI  R26,LOW(512)
00041a e0b2      	LDI  R27,HIGH(512)
00041b ce44      	RJMP _MandaMax7219
                 
                 ;OPTIMIZER ADDED SUBROUTINE, CALLED 5 TIMES, CODE SIZE REDUCTION:21 WORDS
                 SUBOPT_0x1:
00041c de43      	RCALL _MandaMax7219
00041d 81e8      	LD   R30,Y
00041e e0a5      	LDI  R26,LOW(5)
00041f 9fea      	MUL  R30,R26
000420 01f0      	MOVW R30,R0
000421 56e8      	SUBI R30,LOW(-_Letras*2)
000422 4fff      	SBCI R31,HIGH(-_Letras*2)
000423 9508      	RET
                 
                 ;OPTIMIZER ADDED SUBROUTINE, CALLED 3 TIMES, CODE SIZE REDUCTION:1 WORDS
                 SUBOPT_0x2:
000424 2fa0      	MOV  R26,R16
000425 e0b0      	LDI  R27,0
000426 17ae      	CP   R26,R30
000427 07bf      	CPC  R27,R31
000428 9508      	RET
                 
                 ;OPTIMIZER ADDED SUBROUTINE, CALLED 2 TIMES, CODE SIZE REDUCTION:1 WORDS
                 SUBOPT_0x3:
000429 2fa0      	MOV  R26,R16
00042a 27bb      	CLR  R27
00042b e0e5      	LDI  R30,LOW(5)
00042c e0f0      	LDI  R31,HIGH(5)
00042d 940e 0465 	CALL __MODW21
00042f 9508      	RET
                 
                 
                 	.CSEG
                 _delay_ms:
000430 9610      	adiw r26,0
000431 f039      	breq __delay_ms1
                 __delay_ms0:
                +
000432 ef84     +LDI R24 , LOW ( 0x1F4 )
000433 e091     +LDI R25 , HIGH ( 0x1F4 )
                +__DELAY_USW_LOOP :
000434 9701     +SBIW R24 , 1
000435 f7f1     +BRNE __DELAY_USW_LOOP
                 	__DELAY_USW 0x1F4
000436 95a8      	wdr
000437 9711      	sbiw r26,1
000438 f7c9      	brne __delay_ms0
                 __delay_ms1:
000439 9508      	ret
                 
                 __ANEGW1:
00043a 95f1      	NEG  R31
00043b 95e1      	NEG  R30
00043c 40f0      	SBCI R31,0
00043d 9508      	RET
                 
                 __LSLW3:
00043e 0fee      	LSL  R30
00043f 1fff      	ROL  R31
                 __LSLW2:
000440 0fee      	LSL  R30
000441 1fff      	ROL  R31
000442 0fee      	LSL  R30
000443 1fff      	ROL  R31
000444 9508      	RET
                 
                 __MULW12U:
000445 9ffa      	MUL  R31,R26
000446 2df0      	MOV  R31,R0
000447 9feb      	MUL  R30,R27
000448 0df0      	ADD  R31,R0
000449 9fea      	MUL  R30,R26
00044a 2de0      	MOV  R30,R0
00044b 0df1      	ADD  R31,R1
00044c 9508      	RET
                 
                 __MULW12:
00044d d025      	RCALL __CHKSIGNW
00044e dff6      	RCALL __MULW12U
00044f f40e      	BRTC __MULW121
000450 dfe9      	RCALL __ANEGW1
                 __MULW121:
000451 9508      	RET
                 
                 __DIVW21U:
000452 2400      	CLR  R0
000453 2411      	CLR  R1
000454 e190      	LDI  R25,16
                 __DIVW21U1:
000455 0faa      	LSL  R26
000456 1fbb      	ROL  R27
000457 1c00      	ROL  R0
000458 1c11      	ROL  R1
000459 1a0e      	SUB  R0,R30
00045a 0a1f      	SBC  R1,R31
00045b f418      	BRCC __DIVW21U2
00045c 0e0e      	ADD  R0,R30
00045d 1e1f      	ADC  R1,R31
00045e c001      	RJMP __DIVW21U3
                 __DIVW21U2:
00045f 60a1      	SBR  R26,1
                 __DIVW21U3:
000460 959a      	DEC  R25
000461 f799      	BRNE __DIVW21U1
000462 01fd      	MOVW R30,R26
000463 01d0      	MOVW R26,R0
000464 9508      	RET
                 
                 __MODW21:
000465 94e8      	CLT
000466 ffb7      	SBRS R27,7
000467 c004      	RJMP __MODW211
000468 95a0      	COM  R26
000469 95b0      	COM  R27
00046a 9611      	ADIW R26,1
00046b 9468      	SET
                 __MODW211:
00046c fdf7      	SBRC R31,7
00046d dfcc      	RCALL __ANEGW1
00046e dfe3      	RCALL __DIVW21U
00046f 01fd      	MOVW R30,R26
000470 f40e      	BRTC __MODW212
000471 dfc8      	RCALL __ANEGW1
                 __MODW212:
000472 9508      	RET
                 
                 __CHKSIGNW:
000473 94e8      	CLT
000474 fff7      	SBRS R31,7
000475 c002      	RJMP __CHKSW1
000476 dfc3      	RCALL __ANEGW1
000477 9468      	SET
                 __CHKSW1:
000478 ffb7      	SBRS R27,7
000479 c006      	RJMP __CHKSW2
00047a 95a0      	COM  R26
00047b 95b0      	COM  R27
00047c 9611      	ADIW R26,1
00047d f800      	BLD  R0,0
00047e 9403      	INC  R0
00047f fa00      	BST  R0,0
                 __CHKSW2:
000480 9508      	RET
                 
                 __SWAPW12:
000481 2e1b      	MOV  R1,R27
000482 2fbf      	MOV  R27,R31
000483 2df1      	MOV  R31,R1
                 
                 __SWAPB12:
000484 2e1a      	MOV  R1,R26
000485 2fae      	MOV  R26,R30
000486 2de1      	MOV  R30,R1
000487 9508      	RET
                 
                 __SAVELOCR3:
000488 932a      	ST   -Y,R18
                 __SAVELOCR2:
000489 931a      	ST   -Y,R17
00048a 930a      	ST   -Y,R16
00048b 9508      	RET
                 
                 __LOADLOCR3:
00048c 812a      	LDD  R18,Y+2
                 __LOADLOCR2:
00048d 8119      	LDD  R17,Y+1
00048e 8108      	LD   R16,Y
00048f 9508      	RET
                 
                 __INITLOCB:
                 __INITLOCW:
000490 0fac      	ADD  R26,R28
000491 1fbd      	ADC  R27,R29
                 __INITLOC0:
000492 9005      	LPM  R0,Z+
000493 920d      	ST   X+,R0
000494 958a      	DEC  R24
000495 f7e1      	BRNE __INITLOC0
000496 9508      	RET
                 
                 ;END OF CODE MARKER
                 __END_OF_CODE:


RESOURCE USE INFORMATION
------------------------

Notice:
The register and instruction counts are symbol table hit counts,
and hence implicitly used resources are not counted, eg, the
'lpm' instruction without operands implicitly uses r0 and z,
none of which are counted.

x,y,z are separate entities in the symbol table and are
counted separately from r26..r31 here.

.dseg memory usage only counts static data declared with .byte

AT90USB1286 register use summary:
r0 :  14 r1 :   9 r2 :   0 r3 :   0 r4 :   0 r5 :   0 r6 :   0 r7 :   0 
r8 :   0 r9 :   0 r10:   0 r11:   0 r12:   0 r13:   0 r14:   0 r15:   0 
r16:  25 r17:  14 r18:   7 r19:   0 r20:   0 r21:   0 r22:   4 r23:   2 
r24:  12 r25:   5 r26:  77 r27:  42 r28:  12 r29:   2 r30: 131 r31:  92 
x  :   5 y  :  47 z  :   8 
Registers used: 18 out of 35 (51.4%)

AT90USB1286 instruction use summary:
.lds  :   0 .lds.l:   0 .sts  :   0 .sts.l:   0 adc   :   6 add   :   8 
adiw  :  14 and   :   0 andi  :   1 asr   :   0 bclr  :   0 bld   :   1 
brbc  :   0 brbs  :   0 brcc  :   1 brcs  :   0 break :   0 breq  :   1 
brge  :   2 brhc  :   0 brhs  :   0 brid  :   0 brie  :   0 brlo  :   2 
brlt  :   1 brmi  :   0 brne  :   8 brpl  :   0 brsh  :   4 brtc  :   2 
brts  :   0 brvc  :   0 brvs  :   0 bset  :   0 bst   :   1 call  :  12 
cbi   :   5 cbr   :   0 clc   :   0 clh   :   0 cli   :   1 cln   :   0 
clr   :   7 cls   :   0 clt   :   2 clv   :   0 clz   :   0 com   :   4 
cp    :   1 cpc   :   2 cpi   :   7 cpse  :   0 dec   :   3 des   :   0 
elpm  :   0 eor   :   0 fmul  :   0 fmuls :   0 fmulsu:   0 icall :   0 
ijmp  :   0 in    :   0 inc   :   1 jmp   :  39 ld    :   6 ldd   :  19 
ldi   :  99 lds   :  34 lpm   :  15 lsl   :   5 lsr   :   0 mov   :  15 
movw  :  23 mul   :   4 muls  :   0 mulsu :   0 neg   :   2 nop   :   0 
or    :   2 ori   :  14 out   :   9 pop   :   0 push  :   0 rcall :  51 
ret   :  20 reti  :   0 rjmp  :  25 rol   :   7 ror   :   0 sbc   :   2 
sbci  :   4 sbi   :   3 sbic  :   3 sbis  :   0 sbiw  :   8 sbr   :   1 
sbrc  :   1 sbrs  :   3 sec   :   0 seh   :   0 sei   :   0 sen   :   0 
ser   :   0 ses   :   0 set   :   2 sev   :   0 sez   :   0 sleep :   0 
spm   :   0 st    :  25 std   :   2 sts   :  20 sub   :   2 subi  :  12 
swap  :   0 tst   :   0 wdr   :   1 
Instructions used: 58 out of 117 (49.6%)

AT90USB1286 memory use summary [bytes]:
Segment   Begin    End      Code   Data   Used    Size   Use%
---------------------------------------------------------------
[.cseg] 0x000000 0x00092e   1346   1004   2350  131072   1.8%
[.dseg] 0x000100 0x000512      0     18     18    8192   0.2%
[.eseg] 0x000000 0x000000      0      0      0    4096   0.0%

Assembly complete, 0 errors, 1 warnings
