
AVRASM ver. 2.1.30  D:\JavierJr\Documents\ISD\FebJun20\LabMicrocontroladores\CodeVision\P02_Logger\Debug\List\logger.asm Tue Feb 25 17:27:58 2020

                 
                 
                 ;CodeVisionAVR C Compiler V3.32 Evaluation
                 ;(C) Copyright 1998-2017 Pavel Haiduc, HP InfoTech s.r.l.
                 ;http://www.hpinfotech.com
                 
                 ;Build configuration    : Debug
                 ;Chip type              : AT90USB1286
                 ;Program type           : Application
                 ;Clock frequency        : 2.000000 MHz
                 ;Memory model           : Small
                 ;Optimize for           : Size
                 ;(s)printf features     : int, width
                 ;(s)scanf features      : int, width
                 ;External RAM size      : 0
                 ;Data Stack size        : 2048 byte(s)
                 ;Heap size              : 0 byte(s)
                 ;Promote 'char' to 'int': Yes
                 ;'char' is unsigned     : Yes
                 ;8 bit enums            : Yes
                 ;Global 'const' stored in FLASH: No
                 ;Enhanced function parameter passing: Mode 2
                 ;Enhanced core instructions: On
                 ;Automatic register allocation for global variables: Off
                 ;Smart register allocation: Off
                 
                 	#define _MODEL_SMALL_
                 
                 	#pragma AVRPART ADMIN PART_NAME AT90USB1286
                 	#pragma AVRPART MEMORY PROG_FLASH 131072
                 	#pragma AVRPART MEMORY EEPROM 4096
                 	#pragma AVRPART MEMORY INT_SRAM SIZE 8192
                 	#pragma AVRPART MEMORY INT_SRAM START_ADDR 0x100
                 
                 	#define CALL_SUPPORTED 1
                 
                 	.LISTMAC
                 	.EQU EERE=0x0
                 	.EQU EEWE=0x1
                 	.EQU EEMWE=0x2
                 	.EQU UDRE=0x5
                 	.EQU RXC=0x7
                 	.EQU EECR=0x1F
                 	.EQU EEDR=0x20
                 	.EQU EEARL=0x21
                 	.EQU EEARH=0x22
                 	.EQU SPSR=0x2D
                 	.EQU SPDR=0x2E
                 	.EQU SMCR=0x33
                 	.EQU MCUSR=0x34
                 	.EQU MCUCR=0x35
                 	.EQU RAMPZ=0x3B
                 	.EQU WDTCSR=0x60
                 	.EQU UCSR1A=0xC8
                 	.EQU UDR1=0xCE
                 	.EQU SPL=0x3D
                 	.EQU SPH=0x3E
                 	.EQU SREG=0x3F
                 	.EQU GPIOR0=0x1E
                 
                 	.DEF R0X0=R0
                 	.DEF R0X1=R1
                 	.DEF R0X2=R2
                 	.DEF R0X3=R3
                 	.DEF R0X4=R4
                 	.DEF R0X5=R5
                 	.DEF R0X6=R6
                 	.DEF R0X7=R7
                 	.DEF R0X8=R8
                 	.DEF R0X9=R9
                 	.DEF R0XA=R10
                 	.DEF R0XB=R11
                 	.DEF R0XC=R12
                 	.DEF R0XD=R13
                 	.DEF R0XE=R14
                 	.DEF R0XF=R15
                 	.DEF R0X10=R16
                 	.DEF R0X11=R17
                 	.DEF R0X12=R18
                 	.DEF R0X13=R19
                 	.DEF R0X14=R20
                 	.DEF R0X15=R21
                 	.DEF R0X16=R22
                 	.DEF R0X17=R23
                 	.DEF R0X18=R24
                 	.DEF R0X19=R25
                 	.DEF R0X1A=R26
                 	.DEF R0X1B=R27
                 	.DEF R0X1C=R28
                 	.DEF R0X1D=R29
                 	.DEF R0X1E=R30
                 	.DEF R0X1F=R31
                 
                 	.EQU __SRAM_START=0x0100
                 	.EQU __SRAM_END=0x20FF
                 	.EQU __DSTACK_SIZE=0x0800
                 	.EQU __HEAP_SIZE=0x0000
                 	.EQU __CLEAR_SRAM_SIZE=__SRAM_END-__SRAM_START+1
                 
                 	.MACRO __CPD1N
                 	CPI  R30,LOW(@0)
                 	LDI  R26,HIGH(@0)
                 	CPC  R31,R26
                 	LDI  R26,BYTE3(@0)
                 	CPC  R22,R26
                 	LDI  R26,BYTE4(@0)
                 	CPC  R23,R26
                 	.ENDM
                 
                 	.MACRO __CPD2N
                 	CPI  R26,LOW(@0)
                 	LDI  R30,HIGH(@0)
                 	CPC  R27,R30
                 	LDI  R30,BYTE3(@0)
                 	CPC  R24,R30
                 	LDI  R30,BYTE4(@0)
                 	CPC  R25,R30
                 	.ENDM
                 
                 	.MACRO __CPWRR
                 	CP   R@0,R@2
                 	CPC  R@1,R@3
                 	.ENDM
                 
                 	.MACRO __CPWRN
                 	CPI  R@0,LOW(@2)
                 	LDI  R30,HIGH(@2)
                 	CPC  R@1,R30
                 	.ENDM
                 
                 	.MACRO __ADDB1MN
                 	SUBI R30,LOW(-@0-(@1))
                 	.ENDM
                 
                 	.MACRO __ADDB2MN
                 	SUBI R26,LOW(-@0-(@1))
                 	.ENDM
                 
                 	.MACRO __ADDW1MN
                 	SUBI R30,LOW(-@0-(@1))
                 	SBCI R31,HIGH(-@0-(@1))
                 	.ENDM
                 
                 	.MACRO __ADDW2MN
                 	SUBI R26,LOW(-@0-(@1))
                 	SBCI R27,HIGH(-@0-(@1))
                 	.ENDM
                 
                 	.MACRO __ADDW1FN
                 	SUBI R30,LOW(-2*@0-(@1))
                 	SBCI R31,HIGH(-2*@0-(@1))
                 	.ENDM
                 
                 	.MACRO __ADDD1FN
                 	SUBI R30,LOW(-2*@0-(@1))
                 	SBCI R31,HIGH(-2*@0-(@1))
                 	SBCI R22,BYTE3(-2*@0-(@1))
                 	.ENDM
                 
                 	.MACRO __ADDD1N
                 	SUBI R30,LOW(-@0)
                 	SBCI R31,HIGH(-@0)
                 	SBCI R22,BYTE3(-@0)
                 	SBCI R23,BYTE4(-@0)
                 	.ENDM
                 
                 	.MACRO __ADDD2N
                 	SUBI R26,LOW(-@0)
                 	SBCI R27,HIGH(-@0)
                 	SBCI R24,BYTE3(-@0)
                 	SBCI R25,BYTE4(-@0)
                 	.ENDM
                 
                 	.MACRO __SUBD1N
                 	SUBI R30,LOW(@0)
                 	SBCI R31,HIGH(@0)
                 	SBCI R22,BYTE3(@0)
                 	SBCI R23,BYTE4(@0)
                 	.ENDM
                 
                 	.MACRO __SUBD2N
                 	SUBI R26,LOW(@0)
                 	SBCI R27,HIGH(@0)
                 	SBCI R24,BYTE3(@0)
                 	SBCI R25,BYTE4(@0)
                 	.ENDM
                 
                 	.MACRO __ANDBMNN
                 	LDS  R30,@0+(@1)
                 	ANDI R30,LOW(@2)
                 	STS  @0+(@1),R30
                 	.ENDM
                 
                 	.MACRO __ANDWMNN
                 	LDS  R30,@0+(@1)
                 	ANDI R30,LOW(@2)
                 	STS  @0+(@1),R30
                 	LDS  R30,@0+(@1)+1
                 	ANDI R30,HIGH(@2)
                 	STS  @0+(@1)+1,R30
                 	.ENDM
                 
                 	.MACRO __ANDD1N
                 	ANDI R30,LOW(@0)
                 	ANDI R31,HIGH(@0)
                 	ANDI R22,BYTE3(@0)
                 	ANDI R23,BYTE4(@0)
                 	.ENDM
                 
                 	.MACRO __ANDD2N
                 	ANDI R26,LOW(@0)
                 	ANDI R27,HIGH(@0)
                 	ANDI R24,BYTE3(@0)
                 	ANDI R25,BYTE4(@0)
                 	.ENDM
                 
                 	.MACRO __ORBMNN
                 	LDS  R30,@0+(@1)
                 	ORI  R30,LOW(@2)
                 	STS  @0+(@1),R30
                 	.ENDM
                 
                 	.MACRO __ORWMNN
                 	LDS  R30,@0+(@1)
                 	ORI  R30,LOW(@2)
                 	STS  @0+(@1),R30
                 	LDS  R30,@0+(@1)+1
                 	ORI  R30,HIGH(@2)
                 	STS  @0+(@1)+1,R30
                 	.ENDM
                 
                 	.MACRO __ORD1N
                 	ORI  R30,LOW(@0)
                 	ORI  R31,HIGH(@0)
                 	ORI  R22,BYTE3(@0)
                 	ORI  R23,BYTE4(@0)
                 	.ENDM
                 
                 	.MACRO __ORD2N
                 	ORI  R26,LOW(@0)
                 	ORI  R27,HIGH(@0)
                 	ORI  R24,BYTE3(@0)
                 	ORI  R25,BYTE4(@0)
                 	.ENDM
                 
                 	.MACRO __DELAY_USB
                 	LDI  R24,LOW(@0)
                 __DELAY_USB_LOOP:
                 	DEC  R24
                 	BRNE __DELAY_USB_LOOP
                 	.ENDM
                 
                 	.MACRO __DELAY_USW
                 	LDI  R24,LOW(@0)
                 	LDI  R25,HIGH(@0)
                 __DELAY_USW_LOOP:
                 	SBIW R24,1
                 	BRNE __DELAY_USW_LOOP
                 	.ENDM
                 
                 	.MACRO __GETD1S
                 	LDD  R30,Y+@0
                 	LDD  R31,Y+@0+1
                 	LDD  R22,Y+@0+2
                 	LDD  R23,Y+@0+3
                 	.ENDM
                 
                 	.MACRO __GETD2S
                 	LDD  R26,Y+@0
                 	LDD  R27,Y+@0+1
                 	LDD  R24,Y+@0+2
                 	LDD  R25,Y+@0+3
                 	.ENDM
                 
                 	.MACRO __PUTD1S
                 	STD  Y+@0,R30
                 	STD  Y+@0+1,R31
                 	STD  Y+@0+2,R22
                 	STD  Y+@0+3,R23
                 	.ENDM
                 
                 	.MACRO __PUTD2S
                 	STD  Y+@0,R26
                 	STD  Y+@0+1,R27
                 	STD  Y+@0+2,R24
                 	STD  Y+@0+3,R25
                 	.ENDM
                 
                 	.MACRO __PUTDZ2
                 	STD  Z+@0,R26
                 	STD  Z+@0+1,R27
                 	STD  Z+@0+2,R24
                 	STD  Z+@0+3,R25
                 	.ENDM
                 
                 	.MACRO __CLRD1S
                 	STD  Y+@0,R30
                 	STD  Y+@0+1,R30
                 	STD  Y+@0+2,R30
                 	STD  Y+@0+3,R30
                 	.ENDM
                 
                 	.MACRO __POINTB1MN
                 	LDI  R30,LOW(@0+(@1))
                 	.ENDM
                 
                 	.MACRO __POINTW1MN
                 	LDI  R30,LOW(@0+(@1))
                 	LDI  R31,HIGH(@0+(@1))
                 	.ENDM
                 
                 	.MACRO __POINTD1M
                 	LDI  R30,LOW(@0)
                 	LDI  R31,HIGH(@0)
                 	LDI  R22,BYTE3(@0)
                 	LDI  R23,BYTE4(@0)
                 	.ENDM
                 
                 	.MACRO __POINTW1FN
                 	LDI  R30,LOW(2*@0+(@1))
                 	LDI  R31,HIGH(2*@0+(@1))
                 	.ENDM
                 
                 	.MACRO __POINTD1FN
                 	LDI  R30,LOW(2*@0+(@1))
                 	LDI  R31,HIGH(2*@0+(@1))
                 	LDI  R22,BYTE3(2*@0+(@1))
                 	LDI  R23,BYTE4(2*@0+(@1))
                 	.ENDM
                 
                 	.MACRO __POINTB2MN
                 	LDI  R26,LOW(@0+(@1))
                 	.ENDM
                 
                 	.MACRO __POINTW2MN
                 	LDI  R26,LOW(@0+(@1))
                 	LDI  R27,HIGH(@0+(@1))
                 	.ENDM
                 
                 	.MACRO __POINTD2M
                 	LDI  R26,LOW(@0)
                 	LDI  R27,HIGH(@0)
                 	LDI  R24,BYTE3(@0)
                 	LDI  R25,BYTE4(@0)
                 	.ENDM
                 
                 	.MACRO __POINTW2FN
                 	LDI  R26,LOW(2*@0+(@1))
                 	LDI  R27,HIGH(2*@0+(@1))
                 	.ENDM
                 
                 	.MACRO __POINTD2FN
                 	LDI  R26,LOW(2*@0+(@1))
                 	LDI  R27,HIGH(2*@0+(@1))
                 	LDI  R24,BYTE3(2*@0+(@1))
                 	LDI  R25,BYTE4(2*@0+(@1))
                 	.ENDM
                 
                 	.MACRO __POINTBRM
                 	LDI  R@0,LOW(@1)
                 	.ENDM
                 
                 	.MACRO __POINTWRM
                 	LDI  R@0,LOW(@2)
                 	LDI  R@1,HIGH(@2)
                 	.ENDM
                 
                 	.MACRO __POINTBRMN
                 	LDI  R@0,LOW(@1+(@2))
                 	.ENDM
                 
                 	.MACRO __POINTWRMN
                 	LDI  R@0,LOW(@2+(@3))
                 	LDI  R@1,HIGH(@2+(@3))
                 	.ENDM
                 
                 	.MACRO __POINTWRFN
                 	LDI  R@0,LOW(@2*2+(@3))
                 	LDI  R@1,HIGH(@2*2+(@3))
                 	.ENDM
                 
                 	.MACRO __GETD1N
                 	LDI  R30,LOW(@0)
                 	LDI  R31,HIGH(@0)
                 	LDI  R22,BYTE3(@0)
                 	LDI  R23,BYTE4(@0)
                 	.ENDM
                 
                 	.MACRO __GETD2N
                 	LDI  R26,LOW(@0)
                 	LDI  R27,HIGH(@0)
                 	LDI  R24,BYTE3(@0)
                 	LDI  R25,BYTE4(@0)
                 	.ENDM
                 
                 	.MACRO __GETB1MN
                 	LDS  R30,@0+(@1)
                 	.ENDM
                 
                 	.MACRO __GETB1HMN
                 	LDS  R31,@0+(@1)
                 	.ENDM
                 
                 	.MACRO __GETW1MN
                 	LDS  R30,@0+(@1)
                 	LDS  R31,@0+(@1)+1
                 	.ENDM
                 
                 	.MACRO __GETD1MN
                 	LDS  R30,@0+(@1)
                 	LDS  R31,@0+(@1)+1
                 	LDS  R22,@0+(@1)+2
                 	LDS  R23,@0+(@1)+3
                 	.ENDM
                 
                 	.MACRO __GETBRMN
                 	LDS  R@0,@1+(@2)
                 	.ENDM
                 
                 	.MACRO __GETWRMN
                 	LDS  R@0,@2+(@3)
                 	LDS  R@1,@2+(@3)+1
                 	.ENDM
                 
                 	.MACRO __GETWRZ
                 	LDD  R@0,Z+@2
                 	LDD  R@1,Z+@2+1
                 	.ENDM
                 
                 	.MACRO __GETD2Z
                 	LDD  R26,Z+@0
                 	LDD  R27,Z+@0+1
                 	LDD  R24,Z+@0+2
                 	LDD  R25,Z+@0+3
                 	.ENDM
                 
                 	.MACRO __GETB2MN
                 	LDS  R26,@0+(@1)
                 	.ENDM
                 
                 	.MACRO __GETW2MN
                 	LDS  R26,@0+(@1)
                 	LDS  R27,@0+(@1)+1
                 	.ENDM
                 
                 	.MACRO __GETD2MN
                 	LDS  R26,@0+(@1)
                 	LDS  R27,@0+(@1)+1
                 	LDS  R24,@0+(@1)+2
                 	LDS  R25,@0+(@1)+3
                 	.ENDM
                 
                 	.MACRO __PUTB1MN
                 	STS  @0+(@1),R30
                 	.ENDM
                 
                 	.MACRO __PUTW1MN
                 	STS  @0+(@1),R30
                 	STS  @0+(@1)+1,R31
                 	.ENDM
                 
                 	.MACRO __PUTD1MN
                 	STS  @0+(@1),R30
                 	STS  @0+(@1)+1,R31
                 	STS  @0+(@1)+2,R22
                 	STS  @0+(@1)+3,R23
                 	.ENDM
                 
                 	.MACRO __PUTB1EN
                 	LDI  R26,LOW(@0+(@1))
                 	LDI  R27,HIGH(@0+(@1))
                 	CALL __EEPROMWRB
                 	.ENDM
                 
                 	.MACRO __PUTW1EN
                 	LDI  R26,LOW(@0+(@1))
                 	LDI  R27,HIGH(@0+(@1))
                 	CALL __EEPROMWRW
                 	.ENDM
                 
                 	.MACRO __PUTD1EN
                 	LDI  R26,LOW(@0+(@1))
                 	LDI  R27,HIGH(@0+(@1))
                 	CALL __EEPROMWRD
                 	.ENDM
                 
                 	.MACRO __PUTBR0MN
                 	STS  @0+(@1),R0
                 	.ENDM
                 
                 	.MACRO __PUTBMRN
                 	STS  @0+(@1),R@2
                 	.ENDM
                 
                 	.MACRO __PUTWMRN
                 	STS  @0+(@1),R@2
                 	STS  @0+(@1)+1,R@3
                 	.ENDM
                 
                 	.MACRO __PUTBZR
                 	STD  Z+@1,R@0
                 	.ENDM
                 
                 	.MACRO __PUTWZR
                 	STD  Z+@2,R@0
                 	STD  Z+@2+1,R@1
                 	.ENDM
                 
                 	.MACRO __GETW1R
                 	MOV  R30,R@0
                 	MOV  R31,R@1
                 	.ENDM
                 
                 	.MACRO __GETW2R
                 	MOV  R26,R@0
                 	MOV  R27,R@1
                 	.ENDM
                 
                 	.MACRO __GETWRN
                 	LDI  R@0,LOW(@2)
                 	LDI  R@1,HIGH(@2)
                 	.ENDM
                 
                 	.MACRO __PUTW1R
                 	MOV  R@0,R30
                 	MOV  R@1,R31
                 	.ENDM
                 
                 	.MACRO __PUTW2R
                 	MOV  R@0,R26
                 	MOV  R@1,R27
                 	.ENDM
                 
                 	.MACRO __ADDWRN
                 	SUBI R@0,LOW(-@2)
                 	SBCI R@1,HIGH(-@2)
                 	.ENDM
                 
                 	.MACRO __ADDWRR
                 	ADD  R@0,R@2
                 	ADC  R@1,R@3
                 	.ENDM
                 
                 	.MACRO __SUBWRN
                 	SUBI R@0,LOW(@2)
                 	SBCI R@1,HIGH(@2)
                 	.ENDM
                 
                 	.MACRO __SUBWRR
                 	SUB  R@0,R@2
                 	SBC  R@1,R@3
                 	.ENDM
                 
                 	.MACRO __ANDWRN
                 	ANDI R@0,LOW(@2)
                 	ANDI R@1,HIGH(@2)
                 	.ENDM
                 
                 	.MACRO __ANDWRR
                 	AND  R@0,R@2
                 	AND  R@1,R@3
                 	.ENDM
                 
                 	.MACRO __ORWRN
                 	ORI  R@0,LOW(@2)
                 	ORI  R@1,HIGH(@2)
                 	.ENDM
                 
                 	.MACRO __ORWRR
                 	OR   R@0,R@2
                 	OR   R@1,R@3
                 	.ENDM
                 
                 	.MACRO __EORWRR
                 	EOR  R@0,R@2
                 	EOR  R@1,R@3
                 	.ENDM
                 
                 	.MACRO __GETWRS
                 	LDD  R@0,Y+@2
                 	LDD  R@1,Y+@2+1
                 	.ENDM
                 
                 	.MACRO __PUTBSR
                 	STD  Y+@1,R@0
                 	.ENDM
                 
                 	.MACRO __PUTWSR
                 	STD  Y+@2,R@0
                 	STD  Y+@2+1,R@1
                 	.ENDM
                 
                 	.MACRO __MOVEWRR
                 	MOV  R@0,R@2
                 	MOV  R@1,R@3
                 	.ENDM
                 
                 	.MACRO __INWR
                 	IN   R@0,@2
                 	IN   R@1,@2+1
                 	.ENDM
                 
                 	.MACRO __OUTWR
                 	OUT  @2+1,R@1
                 	OUT  @2,R@0
                 	.ENDM
                 
                 	.MACRO __CALL1MN
                 	LDS  R30,@0+(@1)
                 	LDS  R31,@0+(@1)+1
                 	ICALL
                 	.ENDM
                 
                 	.MACRO __CALL1FN
                 	LDI  R30,LOW(2*@0+(@1))
                 	LDI  R31,HIGH(2*@0+(@1))
                 	CALL __GETW1PF
                 	ICALL
                 	.ENDM
                 
                 	.MACRO __CALL2EN
                 	PUSH R26
                 	PUSH R27
                 	LDI  R26,LOW(@0+(@1))
                 	LDI  R27,HIGH(@0+(@1))
                 	CALL __EEPROMRDW
                 	POP  R27
                 	POP  R26
                 	ICALL
                 	.ENDM
                 
                 	.MACRO __CALL2EX
                 	SUBI R26,LOW(-@0)
                 	SBCI R27,HIGH(-@0)
                 	CALL __EEPROMRDD
                 	ICALL
                 	.ENDM
                 
                 	.MACRO __GETW1STACK
                 	IN   R30,SPL
                 	IN   R31,SPH
                 	ADIW R30,@0+1
                 	LD   R0,Z+
                 	LD   R31,Z
                 	MOV  R30,R0
                 	.ENDM
                 
                 	.MACRO __GETD1STACK
                 	IN   R30,SPL
                 	IN   R31,SPH
                 	ADIW R30,@0+1
                 	LD   R0,Z+
                 	LD   R1,Z+
                 	LD   R22,Z
                 	MOVW R30,R0
                 	.ENDM
                 
                 	.MACRO __NBST
                 	BST  R@0,@1
                 	IN   R30,SREG
                 	LDI  R31,0x40
                 	EOR  R30,R31
                 	OUT  SREG,R30
                 	.ENDM
                 
                 
                 	.MACRO __PUTB1SN
                 	LDD  R26,Y+@0
                 	LDD  R27,Y+@0+1
                 	SUBI R26,LOW(-@1)
                 	SBCI R27,HIGH(-@1)
                 	ST   X,R30
                 	.ENDM
                 
                 	.MACRO __PUTW1SN
                 	LDD  R26,Y+@0
                 	LDD  R27,Y+@0+1
                 	SUBI R26,LOW(-@1)
                 	SBCI R27,HIGH(-@1)
                 	ST   X+,R30
                 	ST   X,R31
                 	.ENDM
                 
                 	.MACRO __PUTD1SN
                 	LDD  R26,Y+@0
                 	LDD  R27,Y+@0+1
                 	SUBI R26,LOW(-@1)
                 	SBCI R27,HIGH(-@1)
                 	CALL __PUTDP1
                 	.ENDM
                 
                 	.MACRO __PUTB1SNS
                 	LDD  R26,Y+@0
                 	LDD  R27,Y+@0+1
                 	ADIW R26,@1
                 	ST   X,R30
                 	.ENDM
                 
                 	.MACRO __PUTW1SNS
                 	LDD  R26,Y+@0
                 	LDD  R27,Y+@0+1
                 	ADIW R26,@1
                 	ST   X+,R30
                 	ST   X,R31
                 	.ENDM
                 
                 	.MACRO __PUTD1SNS
                 	LDD  R26,Y+@0
                 	LDD  R27,Y+@0+1
                 	ADIW R26,@1
                 	CALL __PUTDP1
                 	.ENDM
                 
                 	.MACRO __PUTB1PMN
                 	LDS  R26,@0
                 	LDS  R27,@0+1
                 	SUBI R26,LOW(-@1)
                 	SBCI R27,HIGH(-@1)
                 	ST   X,R30
                 	.ENDM
                 
                 	.MACRO __PUTW1PMN
                 	LDS  R26,@0
                 	LDS  R27,@0+1
                 	SUBI R26,LOW(-@1)
                 	SBCI R27,HIGH(-@1)
                 	ST   X+,R30
                 	ST   X,R31
                 	.ENDM
                 
                 	.MACRO __PUTD1PMN
                 	LDS  R26,@0
                 	LDS  R27,@0+1
                 	SUBI R26,LOW(-@1)
                 	SBCI R27,HIGH(-@1)
                 	CALL __PUTDP1
                 	.ENDM
                 
                 	.MACRO __PUTB1PMNS
                 	LDS  R26,@0
                 	LDS  R27,@0+1
                 	ADIW R26,@1
                 	ST   X,R30
                 	.ENDM
                 
                 	.MACRO __PUTW1PMNS
                 	LDS  R26,@0
                 	LDS  R27,@0+1
                 	ADIW R26,@1
                 	ST   X+,R30
                 	ST   X,R31
                 	.ENDM
                 
                 	.MACRO __PUTD1PMNS
                 	LDS  R26,@0
                 	LDS  R27,@0+1
                 	ADIW R26,@1
                 	CALL __PUTDP1
                 	.ENDM
                 
                 	.MACRO __PUTB1RN
                 	MOVW R26,R@0
                 	SUBI R26,LOW(-@1)
                 	SBCI R27,HIGH(-@1)
                 	ST   X,R30
                 	.ENDM
                 
                 	.MACRO __PUTW1RN
                 	MOVW R26,R@0
                 	SUBI R26,LOW(-@1)
                 	SBCI R27,HIGH(-@1)
                 	ST   X+,R30
                 	ST   X,R31
                 	.ENDM
                 
                 	.MACRO __PUTD1RN
                 	MOVW R26,R@0
                 	SUBI R26,LOW(-@1)
                 	SBCI R27,HIGH(-@1)
                 	CALL __PUTDP1
                 	.ENDM
                 
                 	.MACRO __PUTB1RNS
                 	MOVW R26,R@0
                 	ADIW R26,@1
                 	ST   X,R30
                 	.ENDM
                 
                 	.MACRO __PUTW1RNS
                 	MOVW R26,R@0
                 	ADIW R26,@1
                 	ST   X+,R30
                 	ST   X,R31
                 	.ENDM
                 
                 	.MACRO __PUTD1RNS
                 	MOVW R26,R@0
                 	ADIW R26,@1
                 	CALL __PUTDP1
                 	.ENDM
                 
                 	.MACRO __PUTB1RON
                 	MOV  R26,R@0
                 	MOV  R27,R@1
                 	SUBI R26,LOW(-@2)
                 	SBCI R27,HIGH(-@2)
                 	ST   X,R30
                 	.ENDM
                 
                 	.MACRO __PUTW1RON
                 	MOV  R26,R@0
                 	MOV  R27,R@1
                 	SUBI R26,LOW(-@2)
                 	SBCI R27,HIGH(-@2)
                 	ST   X+,R30
                 	ST   X,R31
                 	.ENDM
                 
                 	.MACRO __PUTD1RON
                 	MOV  R26,R@0
                 	MOV  R27,R@1
                 	SUBI R26,LOW(-@2)
                 	SBCI R27,HIGH(-@2)
                 	CALL __PUTDP1
                 	.ENDM
                 
                 	.MACRO __PUTB1RONS
                 	MOV  R26,R@0
                 	MOV  R27,R@1
                 	ADIW R26,@2
                 	ST   X,R30
                 	.ENDM
                 
                 	.MACRO __PUTW1RONS
                 	MOV  R26,R@0
                 	MOV  R27,R@1
                 	ADIW R26,@2
                 	ST   X+,R30
                 	ST   X,R31
                 	.ENDM
                 
                 	.MACRO __PUTD1RONS
                 	MOV  R26,R@0
                 	MOV  R27,R@1
                 	ADIW R26,@2
                 	CALL __PUTDP1
                 	.ENDM
                 
                 
                 	.MACRO __GETB1SX
                 	MOVW R30,R28
                 	SUBI R30,LOW(-@0)
                 	SBCI R31,HIGH(-@0)
                 	LD   R30,Z
                 	.ENDM
                 
                 	.MACRO __GETB1HSX
                 	MOVW R30,R28
                 	SUBI R30,LOW(-@0)
                 	SBCI R31,HIGH(-@0)
                 	LD   R31,Z
                 	.ENDM
                 
                 	.MACRO __GETW1SX
                 	MOVW R30,R28
                 	SUBI R30,LOW(-@0)
                 	SBCI R31,HIGH(-@0)
                 	LD   R0,Z+
                 	LD   R31,Z
                 	MOV  R30,R0
                 	.ENDM
                 
                 	.MACRO __GETD1SX
                 	MOVW R30,R28
                 	SUBI R30,LOW(-@0)
                 	SBCI R31,HIGH(-@0)
                 	LD   R0,Z+
                 	LD   R1,Z+
                 	LD   R22,Z+
                 	LD   R23,Z
                 	MOVW R30,R0
                 	.ENDM
                 
                 	.MACRO __GETB2SX
                 	MOVW R26,R28
                 	SUBI R26,LOW(-@0)
                 	SBCI R27,HIGH(-@0)
                 	LD   R26,X
                 	.ENDM
                 
                 	.MACRO __GETW2SX
                 	MOVW R26,R28
                 	SUBI R26,LOW(-@0)
                 	SBCI R27,HIGH(-@0)
                 	LD   R0,X+
                 	LD   R27,X
                 	MOV  R26,R0
                 	.ENDM
                 
                 	.MACRO __GETD2SX
                 	MOVW R26,R28
                 	SUBI R26,LOW(-@0)
                 	SBCI R27,HIGH(-@0)
                 	LD   R0,X+
                 	LD   R1,X+
                 	LD   R24,X+
                 	LD   R25,X
                 	MOVW R26,R0
                 	.ENDM
                 
                 	.MACRO __GETBRSX
                 	MOVW R30,R28
                 	SUBI R30,LOW(-@1)
                 	SBCI R31,HIGH(-@1)
                 	LD   R@0,Z
                 	.ENDM
                 
                 	.MACRO __GETWRSX
                 	MOVW R30,R28
                 	SUBI R30,LOW(-@2)
                 	SBCI R31,HIGH(-@2)
                 	LD   R@0,Z+
                 	LD   R@1,Z
                 	.ENDM
                 
                 	.MACRO __GETBRSX2
                 	MOVW R26,R28
                 	SUBI R26,LOW(-@1)
                 	SBCI R27,HIGH(-@1)
                 	LD   R@0,X
                 	.ENDM
                 
                 	.MACRO __GETWRSX2
                 	MOVW R26,R28
                 	SUBI R26,LOW(-@2)
                 	SBCI R27,HIGH(-@2)
                 	LD   R@0,X+
                 	LD   R@1,X
                 	.ENDM
                 
                 	.MACRO __LSLW8SX
                 	MOVW R30,R28
                 	SUBI R30,LOW(-@0)
                 	SBCI R31,HIGH(-@0)
                 	LD   R31,Z
                 	CLR  R30
                 	.ENDM
                 
                 	.MACRO __PUTB1SX
                 	MOVW R26,R28
                 	SUBI R26,LOW(-@0)
                 	SBCI R27,HIGH(-@0)
                 	ST   X,R30
                 	.ENDM
                 
                 	.MACRO __PUTW1SX
                 	MOVW R26,R28
                 	SUBI R26,LOW(-@0)
                 	SBCI R27,HIGH(-@0)
                 	ST   X+,R30
                 	ST   X,R31
                 	.ENDM
                 
                 	.MACRO __PUTD1SX
                 	MOVW R26,R28
                 	SUBI R26,LOW(-@0)
                 	SBCI R27,HIGH(-@0)
                 	ST   X+,R30
                 	ST   X+,R31
                 	ST   X+,R22
                 	ST   X,R23
                 	.ENDM
                 
                 	.MACRO __CLRW1SX
                 	MOVW R26,R28
                 	SUBI R26,LOW(-@0)
                 	SBCI R27,HIGH(-@0)
                 	ST   X+,R30
                 	ST   X,R30
                 	.ENDM
                 
                 	.MACRO __CLRD1SX
                 	MOVW R26,R28
                 	SUBI R26,LOW(-@0)
                 	SBCI R27,HIGH(-@0)
                 	ST   X+,R30
                 	ST   X+,R30
                 	ST   X+,R30
                 	ST   X,R30
                 	.ENDM
                 
                 	.MACRO __PUTB2SX
                 	MOVW R30,R28
                 	SUBI R30,LOW(-@0)
                 	SBCI R31,HIGH(-@0)
                 	ST   Z,R26
                 	.ENDM
                 
                 	.MACRO __PUTW2SX
                 	MOVW R30,R28
                 	SUBI R30,LOW(-@0)
                 	SBCI R31,HIGH(-@0)
                 	ST   Z+,R26
                 	ST   Z,R27
                 	.ENDM
                 
                 	.MACRO __PUTD2SX
                 	MOVW R30,R28
                 	SUBI R30,LOW(-@0)
                 	SBCI R31,HIGH(-@0)
                 	ST   Z+,R26
                 	ST   Z+,R27
                 	ST   Z+,R24
                 	ST   Z,R25
                 	.ENDM
                 
                 	.MACRO __PUTBSRX
                 	MOVW R30,R28
                 	SUBI R30,LOW(-@1)
                 	SBCI R31,HIGH(-@1)
                 	ST   Z,R@0
                 	.ENDM
                 
                 	.MACRO __PUTWSRX
                 	MOVW R30,R28
                 	SUBI R30,LOW(-@2)
                 	SBCI R31,HIGH(-@2)
                 	ST   Z+,R@0
                 	ST   Z,R@1
                 	.ENDM
                 
                 	.MACRO __PUTB1SNX
                 	MOVW R26,R28
                 	SUBI R26,LOW(-@0)
                 	SBCI R27,HIGH(-@0)
                 	LD   R0,X+
                 	LD   R27,X
                 	MOV  R26,R0
                 	SUBI R26,LOW(-@1)
                 	SBCI R27,HIGH(-@1)
                 	ST   X,R30
                 	.ENDM
                 
                 	.MACRO __PUTW1SNX
                 	MOVW R26,R28
                 	SUBI R26,LOW(-@0)
                 	SBCI R27,HIGH(-@0)
                 	LD   R0,X+
                 	LD   R27,X
                 	MOV  R26,R0
                 	SUBI R26,LOW(-@1)
                 	SBCI R27,HIGH(-@1)
                 	ST   X+,R30
                 	ST   X,R31
                 	.ENDM
                 
                 	.MACRO __PUTD1SNX
                 	MOVW R26,R28
                 	SUBI R26,LOW(-@0)
                 	SBCI R27,HIGH(-@0)
                 	LD   R0,X+
                 	LD   R27,X
                 	MOV  R26,R0
                 	SUBI R26,LOW(-@1)
                 	SBCI R27,HIGH(-@1)
                 	ST   X+,R30
                 	ST   X+,R31
                 	ST   X+,R22
                 	ST   X,R23
                 	.ENDM
                 
                 	.MACRO __MULBRR
                 	MULS R@0,R@1
                 	MOVW R30,R0
                 	.ENDM
                 
                 	.MACRO __MULBRRU
                 	MUL  R@0,R@1
                 	MOVW R30,R0
                 	.ENDM
                 
                 	.MACRO __MULBRR0
                 	MULS R@0,R@1
                 	.ENDM
                 
                 	.MACRO __MULBRRU0
                 	MUL  R@0,R@1
                 	.ENDM
                 
                 	.MACRO __MULBNWRU
                 	LDI  R26,@2
                 	MUL  R26,R@0
                 	MOVW R30,R0
                 	MUL  R26,R@1
                 	ADD  R31,R0
                 	.ENDM
                 
                 ;GPIOR0 INITIALIZATION VALUE
                 	.EQU __GPIOR0_INIT=0x00
                 
                 	.CSEG
                 	.ORG 0x00
                 
                 ;START OF CODE MARKER
                 __START_OF_CODE:
                 
                 ;INTERRUPT VECTORS
000000 940c 00bd 	JMP  __RESET
000002 940c 0000 	JMP  0x00
000004 940c 0000 	JMP  0x00
000006 940c 0000 	JMP  0x00
000008 940c 0000 	JMP  0x00
00000a 940c 0000 	JMP  0x00
00000c 940c 0000 	JMP  0x00
00000e 940c 0000 	JMP  0x00
000010 940c 0000 	JMP  0x00
000012 940c 0000 	JMP  0x00
000014 940c 0000 	JMP  0x00
000016 940c 0000 	JMP  0x00
000018 940c 0000 	JMP  0x00
00001a 940c 0000 	JMP  0x00
00001c 940c 0000 	JMP  0x00
00001e 940c 0000 	JMP  0x00
000020 940c 0000 	JMP  0x00
000022 940c 014e 	JMP  _timer1_compa_isr
000024 940c 0000 	JMP  0x00
000026 940c 0000 	JMP  0x00
000028 940c 0000 	JMP  0x00
00002a 940c 0000 	JMP  0x00
00002c 940c 0000 	JMP  0x00
00002e 940c 0000 	JMP  0x00
000030 940c 0000 	JMP  0x00
000032 940c 0000 	JMP  0x00
000034 940c 0000 	JMP  0x00
000036 940c 0000 	JMP  0x00
000038 940c 0000 	JMP  0x00
00003a 940c 0000 	JMP  0x00
00003c 940c 0000 	JMP  0x00
00003e 940c 0000 	JMP  0x00
000040 940c 0000 	JMP  0x00
000042 940c 0000 	JMP  0x00
000044 940c 0000 	JMP  0x00
000046 940c 0000 	JMP  0x00
000048 940c 0000 	JMP  0x00
00004a 940c 0000 	JMP  0x00
                 
                 _k1:
00004c 2220
00004d 2b2a
00004e 5b2c
00004f 5d3d      	.DB  0x20,0x22,0x2A,0x2B,0x2C,0x5B,0x3D,0x5D
000050 7f7c
D:\JavierJr\Documents\ISD\FebJun20\LabMicrocontroladores\CodeVision\P02_Logger\Debug\List\logger.asm(1148): warning: .cseg .db misalignment - padding zero byte
000051 0000      	.DB  0x7C,0x7F,0x0
                 _vst_G102:
000052 0400
000053 0200
000054 0100
000055 0080      	.DB  0x0,0x4,0x0,0x2,0x0,0x1,0x80,0x0
000056 0040
000057 0020
000058 0010
000059 0008      	.DB  0x40,0x0,0x20,0x0,0x10,0x0,0x8,0x0
00005a 0004
00005b 0002
00005c 0000      	.DB  0x4,0x0,0x2,0x0,0x0,0x0
                 _cst_G102:
00005d 8000
00005e 4000
00005f 2000
000060 1000      	.DB  0x0,0x80,0x0,0x40,0x0,0x20,0x0,0x10
000061 0800
000062 4000
000063 2000
000064 1000      	.DB  0x0,0x8,0x0,0x40,0x0,0x20,0x0,0x10
000065 0800
000066 0400
000067 0200      	.DB  0x0,0x8,0x0,0x4,0x0,0x2
                 _tbl10_G103:
000068 2710
000069 03e8
00006a 0064
00006b 000a      	.DB  0x10,0x27,0xE8,0x3,0x64,0x0,0xA,0x0
00006c 0001      	.DB  0x1,0x0
                 _tbl16_G103:
00006d 1000
00006e 0100
00006f 0010
000070 0001      	.DB  0x0,0x10,0x0,0x1,0x10,0x0,0x1,0x0
                 
                 _0x3:
000071 0303
000072 0203
000073 0c02
000074 0800      	.DB  0x3,0x3,0x3,0x2,0x2,0xC,0x0,0x8
000075 0100
000076 0600      	.DB  0x0,0x1,0x0,0x6
                 _0x22:
000077 3a30
000078 756d
000079 7365
00007a 7274      	.DB  0x30,0x3A,0x6D,0x75,0x65,0x73,0x74,0x72
00007b 2e61
00007c 7874
D:\JavierJr\Documents\ISD\FebJun20\LabMicrocontroladores\CodeVision\P02_Logger\Debug\List\logger.asm(1168): warning: .cseg .db misalignment - padding zero byte
00007d 0074      	.DB  0x61,0x2E,0x74,0x78,0x74
                 _0x0:
00007e 7241
00007f 6863
000080 7669
000081 206f      	.DB  0x41,0x72,0x63,0x68,0x69,0x76,0x6F,0x20
000082 4f4e
000083 4520
000084 636e
000085 6e6f      	.DB  0x4E,0x4F,0x20,0x45,0x6E,0x63,0x6F,0x6E
000086 7274
000087 6461
000088 006f
000089 7244      	.DB  0x74,0x72,0x61,0x64,0x6F,0x0,0x44,0x72
00008a 7669
00008b 2065
00008c 4f4e
00008d 4420      	.DB  0x69,0x76,0x65,0x20,0x4E,0x4F,0x20,0x44
00008e 7465
00008f 6365
000090 6174
000091 6f64      	.DB  0x65,0x74,0x65,0x63,0x74,0x61,0x64,0x6F
000092 2500
000093 3230
000094 3a69
000095 3025      	.DB  0x0,0x25,0x30,0x32,0x69,0x3A,0x25,0x30
000096 6932
000097 253a
000098 3230
000099 0069      	.DB  0x32,0x69,0x3A,0x25,0x30,0x32,0x69,0x0
                 _0x2020003:
D:\JavierJr\Documents\ISD\FebJun20\LabMicrocontroladores\CodeVision\P02_Logger\Debug\List\logger.asm(1178): warning: .cseg .db misalignment - padding zero byte
00009a 0001      	.DB  0x1
                 _0x20200FE:
D:\JavierJr\Documents\ISD\FebJun20\LabMicrocontroladores\CodeVision\P02_Logger\Debug\List\logger.asm(1180): warning: .cseg .db misalignment - padding zero byte
00009b 0004      	.DB  0x4
                 _0x2040000:
00009c feeb
00009d 4d90
00009e 4453
00009f 534f      	.DB  0xEB,0xFE,0x90,0x4D,0x53,0x44,0x4F,0x53
0000a0 2e35
0000a1 0030
0000a2 4f4e
0000a3 4e20      	.DB  0x35,0x2E,0x30,0x0,0x4E,0x4F,0x20,0x4E
0000a4 4d41
0000a5 2045
0000a6 2020
0000a7 4620      	.DB  0x41,0x4D,0x45,0x20,0x20,0x20,0x20,0x46
0000a8 5441
0000a9 3233
0000aa 2020
0000ab 0020      	.DB  0x41,0x54,0x33,0x32,0x20,0x20,0x20,0x0
0000ac 4f4e
0000ad 4e20
0000ae 4d41
0000af 2045      	.DB  0x4E,0x4F,0x20,0x4E,0x41,0x4D,0x45,0x20
0000b0 2020
0000b1 4620
0000b2 5441
0000b3 2020      	.DB  0x20,0x20,0x20,0x46,0x41,0x54,0x20,0x20
0000b4 2020
0000b5 0020      	.DB  0x20,0x20,0x20,0x0
                 
                 __GLOBAL_INI_TBL:
0000b6 0001      	.DW  0x01
0000b7 0928      	.DW  _status_G101
0000b8 0134      	.DW  _0x2020003*2
                 
0000b9 0001      	.DW  0x01
0000ba 092c      	.DW  _flags_S101000C000
0000bb 0136      	.DW  _0x20200FE*2
                 
                 _0xFFFFFFFF:
0000bc 0000      	.DW  0
                 
                 #define __GLOBAL_INI_TBL_PRESENT 1
                 
                 __RESET:
0000bd 94f8      	CLI
0000be 27ee      	CLR  R30
0000bf bbef      	OUT  EECR,R30
                 
                 ;INTERRUPT VECTORS ARE PLACED
                 ;AT THE START OF FLASH
0000c0 e0f1      	LDI  R31,1
0000c1 bff5      	OUT  MCUCR,R31
0000c2 bfe5      	OUT  MCUCR,R30
                 
                 ;CLEAR R2-R14
0000c3 e08d      	LDI  R24,(14-2)+1
0000c4 e0a2      	LDI  R26,2
0000c5 27bb      	CLR  R27
                 __CLEAR_REG:
0000c6 93ed      	ST   X+,R30
0000c7 958a      	DEC  R24
0000c8 f7e9      	BRNE __CLEAR_REG
                 
                 ;CLEAR SRAM
0000c9 e080      	LDI  R24,LOW(__CLEAR_SRAM_SIZE)
0000ca e290      	LDI  R25,HIGH(__CLEAR_SRAM_SIZE)
0000cb e0a0      	LDI  R26,LOW(__SRAM_START)
0000cc e0b1      	LDI  R27,HIGH(__SRAM_START)
                 __CLEAR_SRAM:
0000cd 93ed      	ST   X+,R30
0000ce 9701      	SBIW R24,1
0000cf f7e9      	BRNE __CLEAR_SRAM
                 
                 ;GLOBAL VARIABLES INITIALIZATION
0000d0 e6ec      	LDI  R30,LOW(__GLOBAL_INI_TBL*2)
0000d1 e0f1      	LDI  R31,HIGH(__GLOBAL_INI_TBL*2)
                 __GLOBAL_INI_NEXT:
0000d2 9185      	LPM  R24,Z+
0000d3 9195      	LPM  R25,Z+
0000d4 9700      	SBIW R24,0
0000d5 f061      	BREQ __GLOBAL_INI_END
0000d6 91a5      	LPM  R26,Z+
0000d7 91b5      	LPM  R27,Z+
0000d8 9005      	LPM  R0,Z+
0000d9 9015      	LPM  R1,Z+
0000da 01bf      	MOVW R22,R30
0000db 01f0      	MOVW R30,R0
                 __GLOBAL_INI_LOOP:
0000dc 9005      	LPM  R0,Z+
0000dd 920d      	ST   X+,R0
0000de 9701      	SBIW R24,1
0000df f7e1      	BRNE __GLOBAL_INI_LOOP
0000e0 01fb      	MOVW R30,R22
0000e1 cff0      	RJMP __GLOBAL_INI_NEXT
                 __GLOBAL_INI_END:
                 
0000e2 bf8b      	OUT  RAMPZ,R24
                 
                 ;GPIOR0 INITIALIZATION
0000e3 e0e0      	LDI  R30,__GPIOR0_INIT
0000e4 bbee      	OUT  GPIOR0,R30
                 
                 ;HARDWARE STACK POINTER INITIALIZATION
0000e5 efef      	LDI  R30,LOW(__SRAM_END-__HEAP_SIZE)
0000e6 bfed      	OUT  SPL,R30
0000e7 e2e0      	LDI  R30,HIGH(__SRAM_END-__HEAP_SIZE)
0000e8 bfee      	OUT  SPH,R30
                 
                 ;DATA STACK POINTER INITIALIZATION
0000e9 e0c0      	LDI  R28,LOW(__SRAM_START+__DSTACK_SIZE)
0000ea e0d9      	LDI  R29,HIGH(__SRAM_START+__DSTACK_SIZE)
                 
0000eb 940c 016a 	JMP  _main
                 
                 	.ESEG
                 	.ORG 0x00
                 
                 	.DSEG
                 	.ORG 0x900
                 
                 	.CSEG
                 ;/*
                 ; * logger.c
                 ; *
                 ; * Created: 25-Feb-20 4:46:27 PM
                 ; * Author: javie
                 ; */
                 ;
                 ;// LCD config
                 ;#asm
                     .equ __lcd_port=0x11
                     .equ __lcd_EN=4
                     .equ __lcd_RS=5
                     .equ __lcd_D4=0
                     .equ __lcd_D5=1
                     .equ __lcd_D6=2
                     .equ __lcd_D7=3
                 ; 0000 0011 #endasm
                 ;
                 ;// DS1302 config
                 ;#asm
                 	.equ __ds1302_port=0x0B
                 	.equ __ds1302_io=2
                 	.equ __ds1302_sclk=1
                 	.equ __ds1302_rst=0
                 ; 0000 0019 #endasm
                 ;
                 ;#include <90usb1286.h>
                 	#ifndef __SLEEP_DEFINED__
                 	#define __SLEEP_DEFINED__
                 	.EQU __se_bit=0x01
                 	.EQU __sm_mask=0x0E
                 	.EQU __sm_powerdown=0x04
                 	.EQU __sm_powersave=0x06
                 	.EQU __sm_standby=0x0C
                 	.EQU __sm_ext_standby=0x0E
                 	.EQU __sm_adc_noise_red=0x02
                 	.SET power_ctrl_reg=smcr
                 	#endif
                 ;#include <ds1302.h>
                 ;#include <display.h>
                 
                 	.CSEG
                 _SetupLCD:
                 ; .FSTART _SetupLCD
0000ed 972c      	SBIW R28,12
0000ee e08c      	LDI  R24,12
                +
0000ef e060     +LDI R22 , LOW ( 0 )
0000f0 e070     +LDI R23 , HIGH ( 0 )
                 	__GETWRN 22,23,0
0000f1 eee2      	LDI  R30,LOW(_0x3*2)
0000f2 e0f0      	LDI  R31,HIGH(_0x3*2)
0000f3 d28b      	RCALL __INITLOCB
0000f4 930a      	ST   -Y,R16
                 ;	TableSetup -> Y+1
                 ;	i -> R16
                 ; 0000 001D     SBI __lcd_port-1,__lcd_EN
0000f5 9a84          SBI __lcd_port-1,__lcd_EN
0000f6 9a85          SBI __lcd_port-1,__lcd_RS
0000f7 9a80          SBI __lcd_port-1,__lcd_D4
0000f8 9a81          SBI __lcd_port-1,__lcd_D5
0000f9 9a82          SBI __lcd_port-1,__lcd_D6
0000fa 9a83          SBI __lcd_port-1,__lcd_D7
0000fb e3a2      	LDI  R26,LOW(50)
0000fc e0b0      	LDI  R27,0
0000fd d292      	RCALL _delay_ms
0000fe e000      	LDI  R16,LOW(0)
                 _0x5:
0000ff 300c      	CPI  R16,12
000100 f470      	BRSH _0x6
000101 e0a2      	LDI  R26,LOW(2)
000102 e0b0      	LDI  R27,0
000103 d28c      	RCALL _delay_ms
000104 2fe0      	MOV  R30,R16
000105 e0f0      	LDI  R31,0
000106 01de      	MOVW R26,R28
000107 9611      	ADIW R26,1
000108 0fae      	ADD  R26,R30
000109 1fbf      	ADC  R27,R31
00010a 91ac      	LD   R26,X
00010b d00f      	RCALL _SendDataBitsLCD
00010c d00b      	RCALL _PulseEn
00010d 5f0f      	SUBI R16,-1
00010e cff0      	RJMP _0x5
                 _0x6:
00010f e0ec      	LDI  R30,LOW(12)
000110 93e0 0900 	STS  _cursor,R30
000112 91a0 0900 	LDS  R26,_cursor
000114 d01e      	RCALL _WriteComandLCD
000115 8108      	LDD  R16,Y+0
000116 962d      	ADIW R28,13
000117 9508      	RET
                 ; .FEND
                 _PulseEn:
                 ; .FSTART _PulseEn
000118 9a8c          SBI __lcd_port,__lcd_EN  // EN=1;
000119 988c          CBI __lcd_port,__lcd_EN // EN=0;
00011a 9508      	RET
                 ; .FEND
                 _SendDataBitsLCD:
                 ; .FSTART _SendDataBitsLCD
00011b 930a      	ST   -Y,R16
00011c 2f0a      	MOV  R16,R26
                 ;	dato -> R16
00011d ff03      	SBRS R16,3
00011e c002      	RJMP _0x7
00011f 9a8b      	SBI __lcd_port,__lcd_D7
000120 c001      	RJMP _0x8
                 _0x7:
000121 988b      	CBI __lcd_port,__lcd_D7
                 _0x8:
000122 ff02      	SBRS R16,2
000123 c002      	RJMP _0x9
000124 9a8a      	SBI __lcd_port,__lcd_D6
000125 c001      	RJMP _0xA
                 _0x9:
000126 988a      	CBI __lcd_port,__lcd_D6
                 _0xA:
000127 ff01      	SBRS R16,1
000128 c002      	RJMP _0xB
000129 9a89      	SBI __lcd_port,__lcd_D5
00012a c001      	RJMP _0xC
                 _0xB:
00012b 9889      	CBI __lcd_port,__lcd_D5
                 _0xC:
00012c ff00      	SBRS R16,0
00012d c002      	RJMP _0xD
00012e 9a88      	SBI __lcd_port,__lcd_D4
00012f c001      	RJMP _0xE
                 _0xD:
000130 9888      	CBI __lcd_port,__lcd_D4
                 _0xE:
000131 940c 0373 	JMP  _0x20E0001
                 ; .FEND
                 _WriteComandLCD:
                 ; .FSTART _WriteComandLCD
000133 931a      	ST   -Y,R17
000134 930a      	ST   -Y,R16
000135 2f1a      	MOV  R17,R26
                 ;	Comando -> R17
                 ;	tempComando -> R16
000136 988d      	CBI __lcd_port,__lcd_RS
000137 e0a2      	LDI  R26,LOW(2)
000138 e0b0      	LDI  R27,0
000139 d256      	RCALL _delay_ms
00013a 2fe1      	MOV  R30,R17
00013b 7fe0      	ANDI R30,LOW(0xF0)
00013c 2f0e      	MOV  R16,R30
00013d 9502      	SWAP R16
00013e 700f      	ANDI R16,0xF
00013f 2fa0      	MOV  R26,R16
000140 dfda      	RCALL _SendDataBitsLCD
000141 dfd6      	RCALL _PulseEn
000142 2fe1      	MOV  R30,R17
000143 70ef      	ANDI R30,LOW(0xF)
000144 2f0e      	MOV  R16,R30
000145 2fa0      	MOV  R26,R16
000146 dfd4      	RCALL _SendDataBitsLCD
000147 e0a2      	LDI  R26,LOW(2)
000148 e0b0      	LDI  R27,0
000149 d246      	RCALL _delay_ms
00014a dfcd      	RCALL _PulseEn
00014b 9109      	LD   R16,Y+
00014c 9119      	LD   R17,Y+
00014d 9508      	RET
                 ; .FEND
                 ;	dato -> R17
                 ;	tempdato -> R16
                 ;	Mensaje -> R17,R18
                 ;	i -> R16
                 ;	Mensaje -> R19,R20
                 ;	tiempo -> R17,R18
                 ;	i -> R16
                 ;	Mensaje -> R17,R18
                 ;	i -> R16
                 ;	x -> R17
                 ;	y -> R16
                 ;	NoCaracter -> R19
                 ;	datos -> R17,R18
                 ;	i -> R16
                 ;#include <delay.h>
                 ;#include <stdio.h>
                 ;#include <ff.h>
                 ;
                 ;// SD
                 ;char fileName[]  = "0:muestra.txt";
                 
                 	.DSEG
                 ;
                 ;interrupt [TIM1_COMPA] void timer1_compa_isr(void)
                 ; 0000 0026 {
                 
                 	.CSEG
                 _timer1_compa_isr:
                 ; .FSTART _timer1_compa_isr
00014e 920a      	ST   -Y,R0
00014f 921a      	ST   -Y,R1
000150 92fa      	ST   -Y,R15
000151 936a      	ST   -Y,R22
000152 937a      	ST   -Y,R23
000153 938a      	ST   -Y,R24
000154 939a      	ST   -Y,R25
000155 93aa      	ST   -Y,R26
000156 93ba      	ST   -Y,R27
000157 93ea      	ST   -Y,R30
000158 93fa      	ST   -Y,R31
000159 b7ef      	IN   R30,SREG
00015a 93ea      	ST   -Y,R30
                 ; 0000 0027 disk_timerproc();
00015b d1e3      	RCALL _disk_timerproc
                 ; 0000 0028 /* MMC/SD/SD HC card access low level timing function */
                 ; 0000 0029 }
00015c 91e9      	LD   R30,Y+
00015d bfef      	OUT  SREG,R30
00015e 91f9      	LD   R31,Y+
00015f 91e9      	LD   R30,Y+
000160 91b9      	LD   R27,Y+
000161 91a9      	LD   R26,Y+
000162 9199      	LD   R25,Y+
000163 9189      	LD   R24,Y+
000164 9179      	LD   R23,Y+
000165 9169      	LD   R22,Y+
000166 90f9      	LD   R15,Y+
000167 9019      	LD   R1,Y+
000168 9009      	LD   R0,Y+
000169 9518      	RETI
                 ; .FEND
                 ;
                 ;// Open SD
                 ;
                 ;void sd(char NombreArchivo[], char *TextoEscritura){
                 ; 0000 002D void sd(char NombreArchivo[], char *TextoEscritura){
                 ; 0000 002E 
                 ; 0000 002F     unsigned int br;
                 ; 0000 0030     char buffer[100];
                 ; 0000 0031 
                 ; 0000 0032     /* FAT function result */
                 ; 0000 0033     FRESULT res;
                 ; 0000 0034 
                 ; 0000 0035     /* will hold the information for logical drive 0: */
                 ; 0000 0036     FATFS drive;
                 ; 0000 0037     FIL archivo; // file objects
                 ; 0000 0038 
                 ; 0000 0039     /* mount logical drive 0: */
                 ; 0000 003A     if ((res=f_mount(0,&drive))==FR_OK){
                 ;	NombreArchivo -> Y+1211
                 ;	*TextoEscritura -> R19,R20
                 ;	br -> R16,R17
                 ;	buffer -> Y+1111
                 ;	res -> R18
                 ;	drive -> Y+549
                 ;	archivo -> Y+5
                 ; 0000 003B 
                 ; 0000 003C         /*Lectura de Archivo*/
                 ; 0000 003D         res = f_open(&archivo, NombreArchivo, FA_OPEN_ALWAYS | FA_WRITE | FA_READ);
                 ; 0000 003E         if (res==FR_OK){
                 ; 0000 003F 
                 ; 0000 0040             f_read(&archivo, buffer, 10,&br); //leer archivo en buffer
                 ; 0000 0041 
                 ; 0000 0042             f_lseek(&archivo,archivo.fsize);
                 ; 0000 0043 
                 ; 0000 0044             buffer[0] = 0x0D;                //Carriage return
                 ; 0000 0045             buffer[1] = 0x0A;                //Line Feed
                 ; 0000 0046             f_write(&archivo,buffer,2,&br);
                 ; 0000 0047             /*Escribiendo el Texto*/
                 ; 0000 0048             f_write(&archivo,TextoEscritura,sizeof(TextoEscritura),&br);   // Write of TextoEscritura
                 ; 0000 0049             f_close(&archivo);
                 ; 0000 004A         }
                 ; 0000 004B         else{
                 ; 0000 004C             StringLCD("Archivo NO Encontrado");
                 ; 0000 004D         }
                 ; 0000 004E     }
                 ; 0000 004F     else{
                 ; 0000 0050          StringLCD("Drive NO Detectado");
                 ; 0000 0051     }
                 ; 0000 0052     f_mount(0, 0); //Cerrar drive de SD
                 ; 0000 0053 }
                 ;
                 ;// Clock
                 ;unsigned char H=0,M=0,S=0; // Variables for clock
                 ;unsigned char time[16];
                 ;
                 ;// LCD
                 ;void printTime(){
                 ; 0000 005A void printTime(){
                 ; 0000 005B     sprintf(time, "%02i:%02i:%02i", H, M, S);
                 ; 0000 005C     MoveCursor(0,0);
                 ; 0000 005D     StringLCDVar(time);
                 ; 0000 005E }
                 ;
                 ;// Clock
                 ;void updateClock(){
                 ; 0000 0061 void updateClock(){
                 ; 0000 0062     rtc_get_time(&H, &M, &S);
                 ; 0000 0063 }
                 ;
                 ;
                 ;// ADC
                 ;
                 ;// ADC variables
                 ;
                 ;
                 ;// Voltage Reference: Int., cap. on AREF
                 ;#define ADC_VREF_TYPE ((1<<REFS1) | (1<<REFS0) | (0<<ADLAR))
                 ;
                 ;
                 ;// Read the AD conversion result
                 ;unsigned int read_adc(unsigned char adc_input)
                 ; 0000 0071 {
                 ; 0000 0072     ADMUX=adc_input | ADC_VREF_TYPE;
                 ;	adc_input -> R16
                 ; 0000 0073     // Start the AD conversion
                 ; 0000 0074     ADCSRA|=(1<<ADSC);
                 ; 0000 0075     // Wait for the AD conversion to complete
                 ; 0000 0076     while ((ADCSRA & (1<<ADIF))==0);
                 ; 0000 0077     ADCSRA|=(1<<ADIF);
                 ; 0000 0078     return ADCW;
                 ; 0000 0079 }
                 ;
                 ;float v1, v2;
                 ;int v1I, v1D, v2I, v2D;
                 ;
                 ;void updateADC(){
                 ; 0000 007E void updateADC(){
                 ; 0000 007F     v1 = read_adc(7);
                 ; 0000 0080     v2 = read_adc(6);
                 ; 0000 0081     v1I = (int)v1;
                 ; 0000 0082     v1D = (int)((v1 - (float)v1I)*10.0);
                 ; 0000 0083     v2I = (int)v2;
                 ; 0000 0084     v2D = (int)((v2 - (float)v2I)*10.0);
                 ; 0000 0085 }
                 ;
                 ;
                 ;
                 ;void main(void)
                 ; 0000 008A {
                 _main:
                 ; .FSTART _main
                 ; 0000 008B 
                 ; 0000 008C // ADC
                 ; 0000 008D 
                 ; 0000 008E // ADC initialization
                 ; 0000 008F // ADC Clock frequency: 1000.000 kHz
                 ; 0000 0090 // ADC Voltage Reference: Int., cap. on AREF
                 ; 0000 0091 // ADC High Speed Mode: On
                 ; 0000 0092 // Digital input buffers on ADC0: On, ADC1: On, ADC2: On, ADC3: On
                 ; 0000 0093 // ADC4: On, ADC5: On, ADC6: On, ADC7: Off
                 ; 0000 0094 DIDR0=(1<<ADC7D) | (1<<ADC6D) | (0<<ADC5D) | (0<<ADC4D) | (0<<ADC3D) | (0<<ADC2D) | (0<<ADC1D) | (0<<ADC0D);
00016a ece0      	LDI  R30,LOW(192)
00016b 93e0 007e 	STS  126,R30
                 ; 0000 0095 ADMUX=ADC_VREF_TYPE;
00016d 93e0 007c 	STS  124,R30
                 ; 0000 0096 ADCSRA=(1<<ADEN) | (0<<ADSC) | (0<<ADATE) | (0<<ADIF) | (0<<ADIE) | (0<<ADPS2) | (1<<ADPS1) | (1<<ADPS0);
00016f e8e3      	LDI  R30,LOW(131)
000170 93e0 007a 	STS  122,R30
                 ; 0000 0097 ADCSRB=(1<<ADHSM);
000172 e8e0      	LDI  R30,LOW(128)
000173 93e0 007b 	STS  123,R30
                 ; 0000 0098 
                 ; 0000 0099 // LCD
                 ; 0000 009A 
                 ; 0000 009B SetupLCD();
000175 df77      	RCALL _SetupLCD
                 ; 0000 009C 
                 ; 0000 009D // DS1302
                 ; 0000 009E rtc_init(0,0,0);
000176 e0e0      	LDI  R30,LOW(0)
000177 93ea      	ST   -Y,R30
000178 93ea      	ST   -Y,R30
000179 e0a0      	LDI  R26,LOW(0)
00017a d04b      	RCALL _rtc_init
                 ; 0000 009F 
                 ; 0000 00A0 // SD
                 ; 0000 00A1 // Cdigo para hacer una interrupcin peridica cada 10ms
                 ; 0000 00A2 // Timer/Counter 1 initialization
                 ; 0000 00A3 // Clock source: System Clock
                 ; 0000 00A4 // Clock value: 1000.000 kHz
                 ; 0000 00A5 // Mode: CTC top=OCR1A
                 ; 0000 00A6 // Compare A Match Interrupt: On
                 ; 0000 00A7 TCCR1B=0x09;
00017b e0e9      	LDI  R30,LOW(9)
00017c 93e0 0081 	STS  129,R30
                 ; 0000 00A8 OCR1AH=19999/256;
00017e e4ee      	LDI  R30,LOW(78)
00017f 93e0 0089 	STS  137,R30
                 ; 0000 00A9 OCR1AL=19999%256;   //20000cuentas a 0.5us por cuenta=10mseg
000181 e1ef      	LDI  R30,LOW(31)
000182 93e0 0088 	STS  136,R30
                 ; 0000 00AA TIMSK1=0x02;
000184 e0e2      	LDI  R30,LOW(2)
000185 93e0 006f 	STS  111,R30
                 ; 0000 00AB SetupLCD();
000187 df65      	RCALL _SetupLCD
                 ; 0000 00AC #asm("sei")
000188 9478      	SEI
                 ; 0000 00AD /* Inicia el puerto SPI para la SD */
                 ; 0000 00AE disk_initialize(0);
000189 e0a0      	LDI  R26,LOW(0)
00018a d0e8      	RCALL _disk_initialize
                 ; 0000 00AF delay_ms(200);
00018b eca8      	LDI  R26,LOW(200)
00018c e0b0      	LDI  R27,0
00018d d202      	RCALL _delay_ms
                 ; 0000 00B0 
                 ; 0000 00B1 while (1)
                 _0x2A:
                 ; 0000 00B2     {
                 ; 0000 00B3     // Please write your application code here
                 ; 0000 00B4 
                 ; 0000 00B5     }
00018e cfff      	RJMP _0x2A
                 ; 0000 00B6 }
                 _0x2D:
00018f cfff      	RJMP _0x2D
                 ; .FEND
                 
                 	.CSEG
                 _ds1302_rst0_G100:
                 ; .FSTART _ds1302_rst0_G100
000190 9858      	cbi  __ds1302_port,__ds1302_rst
                +
000191 e083     +LDI R24 , LOW ( 3 )
                +__DELAY_USB_LOOP :
000192 958a     +DEC R24
000193 f7f1     +BRNE __DELAY_USB_LOOP
                 	__DELAY_USB 3
000194 9508      	RET
                 ; .FEND
                 _ds1302_write0_G100:
                 ; .FSTART _ds1302_write0_G100
000195 930a      	ST   -Y,R16
000196 2f0a      	MOV  R16,R26
000197 9a51          sbi  __ds1302_port-1,__ds1302_sclk
000198 9a52          sbi  __ds1302_port-1,__ds1302_io
000199 9a50          sbi  __ds1302_port-1,__ds1302_rst
00019a 9a58          sbi  __ds1302_port,__ds1302_rst
                +
00019b e083     +LDI R24 , LOW ( 3 )
                +__DELAY_USB_LOOP :
00019c 958a     +DEC R24
00019d f7f1     +BRNE __DELAY_USB_LOOP
                 	__DELAY_USB 3
00019e 2fa0      	MOV  R26,R16
00019f d002      	RCALL _ds1302_write1_G100
0001a0 940c 0373 	JMP  _0x20E0001
                 ; .FEND
                 _ds1302_write1_G100:
                 ; .FSTART _ds1302_write1_G100
0001a2 93aa      	ST   -Y,R26
0001a3 91e9          ld   r30,y+
0001a4 e0a8          ldi  r26,8
                 ds1302_write2:
0001a5 95e7          ror  r30
0001a6 985a          cbi  __ds1302_port,__ds1302_io
0001a7 f408          brcc ds1302_write3
0001a8 9a5a          sbi  __ds1302_port,__ds1302_io
                 ds1302_write3:
0001a9 0000          nop
0001aa 0000          nop
0001ab 0000          nop
0001ac 0000          nop
0001ad 9a59          sbi  __ds1302_port,__ds1302_sclk
                +
0001ae e081     +LDI R24 , LOW ( 1 )
                +__DELAY_USB_LOOP :
0001af 958a     +DEC R24
0001b0 f7f1     +BRNE __DELAY_USB_LOOP
                 	__DELAY_USB 1
0001b1 9859      	cbi  __ds1302_port,__ds1302_sclk
                +
0001b2 e081     +LDI R24 , LOW ( 1 )
                +__DELAY_USB_LOOP :
0001b3 958a     +DEC R24
0001b4 f7f1     +BRNE __DELAY_USB_LOOP
                 	__DELAY_USB 1
0001b5 95aa          dec  r26
0001b6 f771          brne ds1302_write2
0001b7 9508          ret
                 ; .FEND
                 _ds1302_write:
                 ; .FSTART _ds1302_write
0001b8 931a      	ST   -Y,R17
0001b9 930a      	ST   -Y,R16
0001ba 2f0a      	MOV  R16,R26
0001bb 811a      	LDD  R17,Y+2
0001bc 2fe1      	MOV  R30,R17
0001bd 7fee      	ANDI R30,0xFE
0001be 2fae      	MOV  R26,R30
0001bf dfd5      	RCALL _ds1302_write0_G100
0001c0 2fa0      	MOV  R26,R16
0001c1 dfe0      	RCALL _ds1302_write1_G100
0001c2 dfcd      	RCALL _ds1302_rst0_G100
0001c3 8119      	LDD  R17,Y+1
0001c4 8108      	LDD  R16,Y+0
0001c5 c0ab      	RJMP _0x20E0005
                 ; .FEND
                 _rtc_init:
                 ; .FSTART _rtc_init
0001c6 d1af      	RCALL __SAVELOCR3
0001c7 2f0a      	MOV  R16,R26
0001c8 811b      	LDD  R17,Y+3
0001c9 812c      	LDD  R18,Y+4
0001ca 7003      	ANDI R16,LOW(3)
0001cb 3020      	CPI  R18,0
0001cc f009      	BREQ _0x2000003
0001cd 6a00      	ORI  R16,LOW(160)
                 _0x2000003:
0001ce 3011      	CPI  R17,1
0001cf f411      	BRNE _0x2000004
0001d0 6004      	ORI  R16,LOW(4)
0001d1 c005      	RJMP _0x2000005
                 _0x2000004:
0001d2 3012      	CPI  R17,2
0001d3 f411      	BRNE _0x2000006
0001d4 6008      	ORI  R16,LOW(8)
0001d5 c001      	RJMP _0x2000007
                 _0x2000006:
0001d6 e000      	LDI  R16,LOW(0)
                 _0x2000007:
                 _0x2000005:
0001d7 e8ee      	LDI  R30,LOW(142)
0001d8 93ea      	ST   -Y,R30
0001d9 e0a0      	LDI  R26,LOW(0)
0001da dfdd      	RCALL _ds1302_write
0001db e9e0      	LDI  R30,LOW(144)
0001dc 93ea      	ST   -Y,R30
0001dd 2fa0      	MOV  R26,R16
0001de dfd9      	RCALL _ds1302_write
0001df e8ee      	LDI  R30,LOW(142)
0001e0 93ea      	ST   -Y,R30
0001e1 e8a0      	LDI  R26,LOW(128)
0001e2 dfd5      	RCALL _ds1302_write
0001e3 d197      	RCALL __LOADLOCR3
0001e4 9625      	ADIW R28,5
0001e5 9508      	RET
                 ; .FEND
                 	#ifndef __SLEEP_DEFINED__
                 	#endif
                 
                 	.DSEG
                 
                 	.CSEG
                 _wait_ready_G101:
                 ; .FSTART _wait_ready_G101
0001e6 930a      	ST   -Y,R16
0001e7 e3e2      	LDI  R30,LOW(50)
0001e8 93e0 092a 	STS  _timer2_G101,R30
0001ea efef      	LDI  R30,LOW(255)
0001eb bdee      	OUT  0x2E,R30
                 _0x202000B:
0001ec b5ed      	IN   R30,0x2D
0001ed ffe7      	SBRS R30,7
0001ee cffd      	RJMP _0x202000B
                 _0x202000F:
0001ef efef      	LDI  R30,LOW(255)
0001f0 bdee      	OUT  0x2E,R30
                 _0x2020011:
0001f1 b5ed      	IN   R30,0x2D
0001f2 ffe7      	SBRS R30,7
0001f3 cffd      	RJMP _0x2020011
0001f4 b50e      	IN   R16,46
0001f5 3f0f      	CPI  R16,255
0001f6 f021      	BREQ _0x2020014
0001f7 91e0 092a 	LDS  R30,_timer2_G101
0001f9 30e0      	CPI  R30,0
0001fa f409      	BRNE _0x2020015
                 _0x2020014:
0001fb c001      	RJMP _0x2020010
                 _0x2020015:
0001fc cff2      	RJMP _0x202000F
                 _0x2020010:
0001fd 2fe0      	MOV  R30,R16
0001fe c174      	RJMP _0x20E0001
                 ; .FEND
                 _deselect_card_G101:
                 ; .FSTART _deselect_card_G101
0001ff 9a28      	SBI  0x5,0
000200 efef      	LDI  R30,LOW(255)
000201 bdee      	OUT  0x2E,R30
                 _0x2020016:
000202 b5ed      	IN   R30,0x2D
000203 ffe7      	SBRS R30,7
000204 cffd      	RJMP _0x2020016
000205 9508      	RET
                 ; .FEND
                 _send_cmd_G101:
                 ; .FSTART _send_cmd_G101
000206 d184      	RCALL __PUTPARD2
000207 d16e      	RCALL __SAVELOCR3
000208 812f      	LDD  R18,Y+7
000209 ff27      	SBRS R18,7
00020a c00d      	RJMP _0x202004F
00020b 772f      	ANDI R18,LOW(127)
00020c e7e7      	LDI  R30,LOW(119)
00020d 93ea      	ST   -Y,R30
                +
00020e e0a0     +LDI R26 , LOW ( 0x0 )
00020f e0b0     +LDI R27 , HIGH ( 0x0 )
000210 e080     +LDI R24 , BYTE3 ( 0x0 )
000211 e090     +LDI R25 , BYTE4 ( 0x0 )
                 	__GETD2N 0x0
000212 dff3      	RCALL _send_cmd_G101
000213 2f1e      	MOV  R17,R30
000214 3012      	CPI  R17,2
000215 f010      	BRLO _0x2020050
000216 d164      	RCALL __LOADLOCR3
000217 c125      	RJMP _0x20E0004
                 _0x2020050:
                 _0x202004F:
000218 342c      	CPI  R18,76
000219 f041      	BREQ _0x2020051
00021a dfe4      	RCALL _deselect_card_G101
00021b 9828      	CBI  0x5,0
00021c dfc9      	RCALL _wait_ready_G101
00021d 3fef      	CPI  R30,LOW(0xFF)
00021e f019      	BREQ _0x2020052
00021f efef      	LDI  R30,LOW(255)
000220 d15a      	RCALL __LOADLOCR3
000221 c11b      	RJMP _0x20E0004
                 _0x2020052:
                 _0x2020051:
000222 bd2e      	OUT  0x2E,R18
                 _0x2020053:
000223 b5ed      	IN   R30,0x2D
000224 ffe7      	SBRS R30,7
000225 cffd      	RJMP _0x2020053
000226 81ee      	LDD  R30,Y+6
000227 bdee      	OUT  0x2E,R30
                 _0x2020056:
000228 b5ed      	IN   R30,0x2D
000229 ffe7      	SBRS R30,7
00022a cffd      	RJMP _0x2020056
00022b 81ed      	LDD  R30,Y+5
00022c bdee      	OUT  0x2E,R30
                 _0x2020059:
00022d b5ed      	IN   R30,0x2D
00022e ffe7      	SBRS R30,7
00022f cffd      	RJMP _0x2020059
000230 81ec      	LDD  R30,Y+4
000231 bdee      	OUT  0x2E,R30
                 _0x202005C:
000232 b5ed      	IN   R30,0x2D
000233 ffe7      	SBRS R30,7
000234 cffd      	RJMP _0x202005C
000235 81eb      	LDD  R30,Y+3
000236 bdee      	OUT  0x2E,R30
                 _0x202005F:
000237 b5ed      	IN   R30,0x2D
000238 ffe7      	SBRS R30,7
000239 cffd      	RJMP _0x202005F
00023a e001      	LDI  R16,LOW(1)
00023b 3420      	CPI  R18,64
00023c f411      	BRNE _0x2020062
00023d e905      	LDI  R16,LOW(149)
00023e c003      	RJMP _0x2020063
                 _0x2020062:
00023f 3428      	CPI  R18,72
000240 f409      	BRNE _0x2020064
000241 e807      	LDI  R16,LOW(135)
                 _0x2020064:
                 _0x2020063:
000242 bd0e      	OUT  0x2E,R16
                 _0x2020065:
000243 b5ed      	IN   R30,0x2D
000244 ffe7      	SBRS R30,7
000245 cffd      	RJMP _0x2020065
000246 342c      	CPI  R18,76
000247 f429      	BRNE _0x2020068
000248 efef      	LDI  R30,LOW(255)
000249 bdee      	OUT  0x2E,R30
                 _0x2020069:
00024a b5ed      	IN   R30,0x2D
00024b ffe7      	SBRS R30,7
00024c cffd      	RJMP _0x2020069
                 _0x2020068:
00024d ef0f      	LDI  R16,LOW(255)
                 _0x202006D:
00024e efef      	LDI  R30,LOW(255)
00024f bdee      	OUT  0x2E,R30
                 _0x202006F:
000250 b5ed      	IN   R30,0x2D
000251 ffe7      	SBRS R30,7
000252 cffd      	RJMP _0x202006F
000253 b51e      	IN   R17,46
000254 ff17      	SBRS R17,7
000255 c002      	RJMP _0x2020072
000256 5001      	SUBI R16,LOW(1)
000257 f409      	BRNE _0x2020073
                 _0x2020072:
000258 c001      	RJMP _0x202006E
                 _0x2020073:
000259 cff4      	RJMP _0x202006D
                 _0x202006E:
00025a 2fe1      	MOV  R30,R17
00025b d11f      	RCALL __LOADLOCR3
00025c c0e0      	RJMP _0x20E0004
                 ; .FEND
                 _rx_spi4_G101:
                 ; .FSTART _rx_spi4_G101
00025d d118      	RCALL __SAVELOCR3
                +
00025e 2f1a     +MOV R17 , R26
00025f 2f2b     +MOV R18 , R27
                 	__PUTW2R 17,18
000260 e004      	LDI  R16,4
                 _0x2020075:
000261 efef      	LDI  R30,LOW(255)
000262 bdee      	OUT  0x2E,R30
                 _0x2020077:
000263 b5ed      	IN   R30,0x2D
000264 ffe7      	SBRS R30,7
000265 cffd      	RJMP _0x2020077
000266 932f      	PUSH R18
000267 931f      	PUSH R17
                +
000268 5f1f     +SUBI R17 , LOW ( - 1 )
000269 4f2f     +SBCI R18 , HIGH ( - 1 )
                 	__ADDWRN 17,18,1
00026a b5ee      	IN   R30,0x2E
00026b 91af      	POP  R26
00026c 91bf      	POP  R27
00026d 93ec      	ST   X,R30
00026e 5001      	SUBI R16,LOW(1)
00026f f789      	BRNE _0x2020075
000270 d10a      	RCALL __LOADLOCR3
                 _0x20E0005:
000271 9623      	ADIW R28,3
000272 9508      	RET
                 ; .FEND
                 _disk_initialize:
                 ; .FSTART _disk_initialize
000273 9724      	SBIW R28,4
000274 d100      	RCALL __SAVELOCR4
000275 2f3a      	MOV  R19,R26
000276 3030      	CPI  R19,0
000277 f011      	BREQ _0x202007A
000278 e0e1      	LDI  R30,LOW(1)
000279 c0c2      	RJMP _0x20E0003
                 _0x202007A:
00027a 9824      	CBI  0x4,4
00027b 9825      	CBI  0x4,5
00027c e0ea      	LDI  R30,LOW(10)
00027d 93e0 0929 	STS  _timer1_G101,R30
                 _0x202007B:
00027f 91e0 0929 	LDS  R30,_timer1_G101
000281 30e0      	CPI  R30,0
000282 f7e1      	BRNE _0x202007B
000283 91e0 0928 	LDS  R30,_status_G101
000285 70e2      	ANDI R30,LOW(0x2)
000286 f009      	BREQ _0x202007E
000287 c0b2      	RJMP _0x20E0002
                 _0x202007E:
000288 9a20      	SBI  0x4,0
000289 9a28      	SBI  0x5,0
00028a b1e5      	IN   R30,0x5
00028b 7fe9      	ANDI R30,LOW(0xF9)
00028c b9e5      	OUT  0x5,R30
00028d 9a2b      	SBI  0x5,3
00028e 9823      	CBI  0x4,3
00028f b1e4      	IN   R30,0x4
000290 60e7      	ORI  R30,LOW(0x7)
000291 b9e4      	OUT  0x4,R30
000292 e5e1      	LDI  R30,LOW(81)
000293 bdec      	OUT  0x2C,R30
000294 e0e0      	LDI  R30,LOW(0)
000295 bded      	OUT  0x2D,R30
000296 ef2f      	LDI  R18,LOW(255)
                 _0x2020080:
000297 e00a      	LDI  R16,LOW(10)
                 _0x2020083:
000298 efef      	LDI  R30,LOW(255)
000299 bdee      	OUT  0x2E,R30
                 _0x2020085:
00029a b5ed      	IN   R30,0x2D
00029b ffe7      	SBRS R30,7
00029c cffd      	RJMP _0x2020085
00029d 5001      	SUBI R16,LOW(1)
00029e f7c9      	BRNE _0x2020083
00029f e4e0      	LDI  R30,LOW(64)
0002a0 93ea      	ST   -Y,R30
                +
0002a1 e0a0     +LDI R26 , LOW ( 0x0 )
0002a2 e0b0     +LDI R27 , HIGH ( 0x0 )
0002a3 e080     +LDI R24 , BYTE3 ( 0x0 )
0002a4 e090     +LDI R25 , BYTE4 ( 0x0 )
                 	__GETD2N 0x0
0002a5 df60      	RCALL _send_cmd_G101
0002a6 2f1e      	MOV  R17,R30
0002a7 5021      	SUBI R18,LOW(1)
0002a8 3011      	CPI  R17,1
0002a9 f011      	BREQ _0x2020088
0002aa 3020      	CPI  R18,0
0002ab f409      	BRNE _0x2020089
                 _0x2020088:
0002ac c001      	RJMP _0x2020081
                 _0x2020089:
0002ad cfe9      	RJMP _0x2020080
                 _0x2020081:
0002ae e020      	LDI  R18,LOW(0)
0002af 3011      	CPI  R17,1
0002b0 f009      	BREQ PC+2
0002b1 c068      	RJMP _0x202008A
0002b2 e6e4      	LDI  R30,LOW(100)
0002b3 93e0 0929 	STS  _timer1_G101,R30
0002b5 e4e8      	LDI  R30,LOW(72)
0002b6 93ea      	ST   -Y,R30
                +
0002b7 eaaa     +LDI R26 , LOW ( 0x1AA )
0002b8 e0b1     +LDI R27 , HIGH ( 0x1AA )
0002b9 e080     +LDI R24 , BYTE3 ( 0x1AA )
0002ba e090     +LDI R25 , BYTE4 ( 0x1AA )
                 	__GETD2N 0x1AA
0002bb df4a      	RCALL _send_cmd_G101
0002bc 30e1      	CPI  R30,LOW(0x1)
0002bd f591      	BRNE _0x202008B
0002be 01de      	MOVW R26,R28
0002bf 9614      	ADIW R26,4
0002c0 df9c      	RCALL _rx_spi4_G101
0002c1 81ae      	LDD  R26,Y+6
0002c2 30a1      	CPI  R26,LOW(0x1)
0002c3 f419      	BRNE _0x202008D
0002c4 81af      	LDD  R26,Y+7
0002c5 3aaa      	CPI  R26,LOW(0xAA)
0002c6 f009      	BREQ _0x202008E
                 _0x202008D:
0002c7 c027      	RJMP _0x202008C
                 _0x202008E:
                 _0x202008F:
0002c8 91e0 0929 	LDS  R30,_timer1_G101
0002ca 30e0      	CPI  R30,0
0002cb f049      	BREQ _0x2020092
0002cc eee9      	LDI  R30,LOW(233)
0002cd 93ea      	ST   -Y,R30
                +
0002ce e0a0     +LDI R26 , LOW ( 0x40000000 )
0002cf e0b0     +LDI R27 , HIGH ( 0x40000000 )
0002d0 e080     +LDI R24 , BYTE3 ( 0x40000000 )
0002d1 e490     +LDI R25 , BYTE4 ( 0x40000000 )
                 	__GETD2N 0x40000000
0002d2 df33      	RCALL _send_cmd_G101
0002d3 30e0      	CPI  R30,0
0002d4 f409      	BRNE _0x2020093
                 _0x2020092:
0002d5 c001      	RJMP _0x2020091
                 _0x2020093:
0002d6 cff1      	RJMP _0x202008F
                 _0x2020091:
0002d7 91e0 0929 	LDS  R30,_timer1_G101
0002d9 30e0      	CPI  R30,0
0002da f049      	BREQ _0x2020095
0002db e7ea      	LDI  R30,LOW(122)
0002dc 93ea      	ST   -Y,R30
                +
0002dd e0a0     +LDI R26 , LOW ( 0x0 )
0002de e0b0     +LDI R27 , HIGH ( 0x0 )
0002df e080     +LDI R24 , BYTE3 ( 0x0 )
0002e0 e090     +LDI R25 , BYTE4 ( 0x0 )
                 	__GETD2N 0x0
0002e1 df24      	RCALL _send_cmd_G101
0002e2 30e0      	CPI  R30,0
0002e3 f009      	BREQ _0x2020096
                 _0x2020095:
0002e4 c00a      	RJMP _0x2020094
                 _0x2020096:
0002e5 01de      	MOVW R26,R28
0002e6 9614      	ADIW R26,4
0002e7 df75      	RCALL _rx_spi4_G101
0002e8 81ec      	LDD  R30,Y+4
0002e9 74e0      	ANDI R30,LOW(0x40)
0002ea f011      	BREQ _0x2020097
0002eb e0ec      	LDI  R30,LOW(12)
0002ec c001      	RJMP _0x2020098
                 _0x2020097:
0002ed e0e4      	LDI  R30,LOW(4)
                 _0x2020098:
0002ee 2f2e      	MOV  R18,R30
                 _0x2020094:
                 _0x202008C:
0002ef c02a      	RJMP _0x202009A
                 _0x202008B:
0002f0 eee9      	LDI  R30,LOW(233)
0002f1 93ea      	ST   -Y,R30
                +
0002f2 e0a0     +LDI R26 , LOW ( 0x0 )
0002f3 e0b0     +LDI R27 , HIGH ( 0x0 )
0002f4 e080     +LDI R24 , BYTE3 ( 0x0 )
0002f5 e090     +LDI R25 , BYTE4 ( 0x0 )
                 	__GETD2N 0x0
0002f6 df0f      	RCALL _send_cmd_G101
0002f7 30e2      	CPI  R30,LOW(0x2)
0002f8 f418      	BRSH _0x202009B
0002f9 e022      	LDI  R18,LOW(2)
0002fa ee19      	LDI  R17,LOW(233)
0002fb c002      	RJMP _0x202009C
                 _0x202009B:
0002fc e021      	LDI  R18,LOW(1)
0002fd e411      	LDI  R17,LOW(65)
                 _0x202009C:
                 _0x202009D:
0002fe 91e0 0929 	LDS  R30,_timer1_G101
000300 30e0      	CPI  R30,0
000301 f041      	BREQ _0x20200A0
000302 931a      	ST   -Y,R17
                +
000303 e0a0     +LDI R26 , LOW ( 0x0 )
000304 e0b0     +LDI R27 , HIGH ( 0x0 )
000305 e080     +LDI R24 , BYTE3 ( 0x0 )
000306 e090     +LDI R25 , BYTE4 ( 0x0 )
                 	__GETD2N 0x0
000307 defe      	RCALL _send_cmd_G101
000308 30e0      	CPI  R30,0
000309 f409      	BRNE _0x20200A1
                 _0x20200A0:
00030a c001      	RJMP _0x202009F
                 _0x20200A1:
00030b cff2      	RJMP _0x202009D
                 _0x202009F:
00030c 91e0 0929 	LDS  R30,_timer1_G101
00030e 30e0      	CPI  R30,0
00030f f049      	BREQ _0x20200A3
000310 e5e0      	LDI  R30,LOW(80)
000311 93ea      	ST   -Y,R30
                +
000312 e0a0     +LDI R26 , LOW ( 0x200 )
000313 e0b2     +LDI R27 , HIGH ( 0x200 )
000314 e080     +LDI R24 , BYTE3 ( 0x200 )
000315 e090     +LDI R25 , BYTE4 ( 0x200 )
                 	__GETD2N 0x200
000316 deef      	RCALL _send_cmd_G101
000317 30e0      	CPI  R30,0
000318 f009      	BREQ _0x20200A2
                 _0x20200A3:
000319 e020      	LDI  R18,LOW(0)
                 _0x20200A2:
                 _0x202009A:
                 _0x202008A:
00031a 9320 092b 	STS  _card_type_G101,R18
00031c dee2      	RCALL _deselect_card_G101
00031d 3020      	CPI  R18,0
00031e f051      	BREQ _0x20200A5
00031f 91e0 0928 	LDS  R30,_status_G101
000321 7fee      	ANDI R30,0xFE
000322 93e0 0928 	STS  _status_G101,R30
000324 e5e0      	LDI  R30,LOW(80)
000325 bdec      	OUT  0x2C,R30
000326 e0e1      	LDI  R30,LOW(1)
000327 bded      	OUT  0x2D,R30
000328 c011      	RJMP _0x20200A6
                 _0x20200A5:
000329 9828      	CBI  0x5,0
00032a debb      	RCALL _wait_ready_G101
00032b ded3      	RCALL _deselect_card_G101
00032c e0e0      	LDI  R30,LOW(0)
00032d bdec      	OUT  0x2C,R30
00032e b1e4      	IN   R30,0x4
00032f 7fe0      	ANDI R30,LOW(0xF0)
000330 b9e4      	OUT  0x4,R30
000331 b1e5      	IN   R30,0x5
000332 7fe0      	ANDI R30,LOW(0xF0)
000333 b9e5      	OUT  0x5,R30
000334 9820      	CBI  0x4,0
000335 91e0 0928 	LDS  R30,_status_G101
000337 60e1      	ORI  R30,1
000338 93e0 0928 	STS  _status_G101,R30
                 _0x20200A6:
                 _0x20E0002:
00033a 91e0 0928 	LDS  R30,_status_G101
                 _0x20E0003:
00033c d03d      	RCALL __LOADLOCR4
                 _0x20E0004:
00033d 9628      	ADIW R28,8
00033e 9508      	RET
                 ; .FEND
                 _disk_timerproc:
                 ; .FSTART _disk_timerproc
                 
                 	.DSEG
                 
                 	.CSEG
00033f 930a      	ST   -Y,R16
000340 9100 0929 	LDS  R16,_timer1_G101
000342 3000      	CPI  R16,0
000343 f019      	BREQ _0x20200FF
000344 5001      	SUBI R16,LOW(1)
000345 9300 0929 	STS  _timer1_G101,R16
                 _0x20200FF:
000347 9100 092a 	LDS  R16,_timer2_G101
000349 3000      	CPI  R16,0
00034a f019      	BREQ _0x2020100
00034b 5001      	SUBI R16,LOW(1)
00034c 9300 092a 	STS  _timer2_G101,R16
                 _0x2020100:
00034e 9100 092c 	LDS  R16,_flags_S101000C000
000350 e0e0      	LDI  R30,LOW(0)
000351 93e0 092c 	STS  _flags_S101000C000,R30
000353 991c      	SBIC 0x3,4
000354 c003      	RJMP _0x2020101
000355 e0e1      	LDI  R30,LOW(1)
000356 93e0 092c 	STS  _flags_S101000C000,R30
                 _0x2020101:
000358 9b1d      	SBIS 0x3,5
000359 c005      	RJMP _0x2020102
00035a 91e0 092c 	LDS  R30,_flags_S101000C000
00035c 60e2      	ORI  R30,2
00035d 93e0 092c 	STS  _flags_S101000C000,R30
                 _0x2020102:
00035f 91e0 092c 	LDS  R30,_flags_S101000C000
000361 17e0      	CP   R30,R16
000362 f481      	BRNE _0x2020103
000363 9100 0928 	LDS  R16,_status_G101
000365 70e1      	ANDI R30,LOW(0x1)
000366 f011      	BREQ _0x2020104
000367 7f0d      	ANDI R16,LOW(253)
000368 c001      	RJMP _0x2020105
                 _0x2020104:
000369 6003      	ORI  R16,LOW(3)
                 _0x2020105:
00036a 91e0 092c 	LDS  R30,_flags_S101000C000
00036c 70e2      	ANDI R30,LOW(0x2)
00036d f011      	BREQ _0x2020106
00036e 6004      	ORI  R16,LOW(4)
00036f c001      	RJMP _0x2020107
                 _0x2020106:
000370 7f0b      	ANDI R16,LOW(251)
                 _0x2020107:
000371 9300 0928 	STS  _status_G101,R16
                 _0x2020103:
                 _0x20E0001:
000373 9109      	LD   R16,Y+
000374 9508      	RET
                 ; .FEND
                 
                 	.CSEG
                 	#ifndef __SLEEP_DEFINED__
                 	#endif
                 
                 	.CSEG
                 
                 	.CSEG
                 
                 	.CSEG
                 
                 	.CSEG
                 
                 	.DSEG
                 _cursor:
000900           	.BYTE 0x1
                 _prtc_get_time:
000901           	.BYTE 0x2
                 _prtc_get_date:
000903           	.BYTE 0x2
                 _H:
000905           	.BYTE 0x1
                 _M:
000906           	.BYTE 0x1
                 _S:
000907           	.BYTE 0x1
                 _time:
000908           	.BYTE 0x10
                 _v1:
000918           	.BYTE 0x4
                 _v2:
00091c           	.BYTE 0x4
                 _v1I:
000920           	.BYTE 0x2
                 _v1D:
000922           	.BYTE 0x2
                 _v2I:
000924           	.BYTE 0x2
                 _v2D:
000926           	.BYTE 0x2
                 _status_G101:
000928           	.BYTE 0x1
                 _timer1_G101:
000929           	.BYTE 0x1
                 _timer2_G101:
00092a           	.BYTE 0x1
                 _card_type_G101:
00092b           	.BYTE 0x1
                 _flags_S101000C000:
00092c           	.BYTE 0x1
                 _FatFs_G102:
00092d           	.BYTE 0x2
                 _Fsid_G102:
00092f           	.BYTE 0x2
                 _Drive_G102:
000931           	.BYTE 0x1
                 
                 	.CSEG
                 ;RUNTIME LIBRARY
                 
                 	.CSEG
                 __SAVELOCR4:
000375 933a      	ST   -Y,R19
                 __SAVELOCR3:
000376 932a      	ST   -Y,R18
                 __SAVELOCR2:
000377 931a      	ST   -Y,R17
000378 930a      	ST   -Y,R16
000379 9508      	RET
                 
                 __LOADLOCR4:
00037a 813b      	LDD  R19,Y+3
                 __LOADLOCR3:
00037b 812a      	LDD  R18,Y+2
                 __LOADLOCR2:
00037c 8119      	LDD  R17,Y+1
00037d 8108      	LD   R16,Y
00037e 9508      	RET
                 
                 __INITLOCB:
                 __INITLOCW:
00037f 93af      	PUSH R26
000380 93bf      	PUSH R27
000381 01db      	MOVW R26,R22
000382 0fac      	ADD  R26,R28
000383 1fbd      	ADC  R27,R29
                 __INITLOC0:
000384 9005      	LPM  R0,Z+
000385 920d      	ST   X+,R0
000386 958a      	DEC  R24
000387 f7e1      	BRNE __INITLOC0
000388 91bf      	POP  R27
000389 91af      	POP  R26
00038a 9508      	RET
                 
                 __PUTPARD2:
00038b 939a      	ST   -Y,R25
00038c 938a      	ST   -Y,R24
00038d 93ba      	ST   -Y,R27
00038e 93aa      	ST   -Y,R26
00038f 9508      	RET
                 
                 _delay_ms:
000390 9610      	adiw r26,0
000391 f039      	breq __delay_ms1
                 __delay_ms0:
000392 95a8      	wdr
                +
000393 ef84     +LDI R24 , LOW ( 0x1F4 )
000394 e091     +LDI R25 , HIGH ( 0x1F4 )
                +__DELAY_USW_LOOP :
000395 9701     +SBIW R24 , 1
000396 f7f1     +BRNE __DELAY_USW_LOOP
                 	__DELAY_USW 0x1F4
000397 9711      	sbiw r26,1
000398 f7c9      	brne __delay_ms0
                 __delay_ms1:
000399 9508      	ret
                 
                 ;END OF CODE MARKER
                 __END_OF_CODE:


RESOURCE USE INFORMATION
------------------------

Notice:
The register and instruction counts are symbol table hit counts,
and hence implicitly used resources are not counted, eg, the
'lpm' instruction without operands implicitly uses r0 and z,
none of which are counted.

x,y,z are separate entities in the symbol table and are
counted separately from r26..r31 here.

.dseg memory usage only counts static data declared with .byte

AT90USB1286 register use summary:
r0 :   8 r1 :   3 r2 :   0 r3 :   0 r4 :   0 r5 :   0 r6 :   0 r7 :   0 
r8 :   0 r9 :   0 r10:   0 r11:   0 r12:   0 r13:   0 r14:   0 r15:   2 
r16:  68 r17:  28 r18:  25 r19:   4 r20:   0 r21:   0 r22:   6 r23:   3 
r24:  31 r25:  14 r26:  59 r27:  25 r28:  11 r29:   2 r30: 204 r31:   8 
x  :   6 y  :  77 z  :   8 
Registers used: 20 out of 35 (57.1%)

AT90USB1286 instruction use summary:
.lds  :   0 .lds.l:   0 .sts  :   0 .sts.l:   0 adc   :   2 add   :   2 
adiw  :   8 and   :   0 andi  :  16 asr   :   0 bclr  :   0 bld   :   0 
brbc  :   0 brbs  :   0 brcc  :   1 brcs  :   0 break :   0 breq  :  23 
brge  :   0 brhc  :   0 brhs  :   0 brid  :   0 brie  :   0 brlo  :   1 
brlt  :   0 brmi  :   0 brne  :  27 brpl  :   0 brsh  :   2 brtc  :   0 
brts  :   0 brvc  :   0 brvs  :   0 bset  :   0 bst   :   0 call  :   0 
cbi   :  15 cbr   :   0 clc   :   0 clh   :   0 cli   :   1 cln   :   0 
clr   :   2 cls   :   0 clt   :   0 clv   :   0 clz   :   0 com   :   0 
cp    :   1 cpc   :   0 cpi   :  32 cpse  :   0 dec   :   7 des   :   0 
elpm  :   0 eor   :   0 fmul  :   0 fmuls :   0 fmulsu:   0 icall :   0 
ijmp  :   0 in    :  21 inc   :   0 jmp   :  41 ld    :  18 ldd   :  17 
ldi   : 128 lds   :  18 lpm   :   8 lsl   :   0 lsr   :   0 mov   :  25 
movw  :   7 mul   :   0 muls  :   0 mulsu :   0 neg   :   0 nop   :   4 
or    :   0 ori   :   8 out   :  30 pop   :   4 push  :   4 rcall :  51 
ret   :  15 reti  :   1 rjmp  :  58 rol   :   0 ror   :   1 sbc   :   0 
sbci  :   1 sbi   :  21 sbic  :   1 sbis  :   1 sbiw  :   7 sbr   :   0 
sbrc  :   0 sbrs  :  19 sec   :   0 seh   :   0 sei   :   1 sen   :   0 
ser   :   0 ses   :   0 set   :   0 sev   :   0 sez   :   0 sleep :   0 
spm   :   0 st    :  48 std   :   0 sts   :  21 sub   :   0 subi  :   8 
swap  :   1 tst   :   0 wdr   :   1 
Instructions used: 46 out of 117 (39.3%)

AT90USB1286 memory use summary [bytes]:
Segment   Begin    End      Code   Data   Used    Size   Use%
---------------------------------------------------------------
[.cseg] 0x000000 0x000734   1618    226   1844  131072   1.4%
[.dseg] 0x000100 0x000932      0     50     50    8192   0.6%
[.eseg] 0x000000 0x000000      0      0      0    4096   0.0%

Assembly complete, 0 errors, 4 warnings
